


materialPath: C:\Program Files (x86)\Steam\steamapps\sourcemods\AFT-QFPT\materials
Loading C:\NewFolders\Dktp\source-sdk-2013-master\sp\game\AFT-QFPT\maps\background2.vmf
Could not locate 'GameData' key in c:\program files (x86)\steam\steamapps\sourcemods\aft-qfpt\gameinfo.txt
fixing up env_cubemap materials on brush sides...
0...1...2...3...4...5...6...7...8...9...10**** leaked ****
Entity prop_dynamic_override (623.08 142.91 -70.50) leaked!
Processing areas...done (0)
Building Faces...done (0)
FixTjuncs...
PruneNodes...
WriteBSP...
done (0)
Creating default LDR cubemaps for env_cubemap using skybox materials:
   skybox/sky_day01_01*.vmt
 ! Run buildcubemaps in the engine to get the correct cube maps.
Creating default HDR cubemaps for env_cubemap using skybox materials:
   skybox/sky_day01_01*.vmt
 ! Run buildcubemaps in the engine to get the correct cube maps.
Finding displacement neighbors...
Finding lightmap sample positions...
Displacement Alpha : 0...1...2...3...4...5...6...7...8...9...10
Building Physics collision data...
done (0) (54954 bytes)
Placing detail props : 0...1...2...3...4...5...6...7...8...9...10
Compacting texture/material tables...
Reduced 489 texinfos to 323
Reduced 6 texdatas to 6 (147 bytes to 147)
Writing C:\NewFolders\Dktp\source-sdk-2013-master\sp\game\AFT-QFPT\maps\background2.bsp
0 seconds elapsed



8 threads
reading c:\newfolders\dktp\source-sdk-2013-master\sp\game\aft-qfpt\maps\background2.bsp
reading c:\newfolders\dktp\source-sdk-2013-master\sp\game\aft-qfpt\maps\background2.prt
LoadPortals: couldn't read c:\newfolders\dktp\source-sdk-2013-master\sp\game\aft-qfpt\maps\background2.prt



[Reading texlights from 'lights.rad']
[48 texlights parsed from 'lights.rad']

Loading c:\newfolders\dktp\source-sdk-2013-master\sp\game\aft-qfpt\maps\background2.bsp
No vis information, direct lighting only.
1024 faces
42170 square feet [6072501.00 square inches]
0 Displacements
0 Square Feet [0.00 Square Inches]
14 direct lights
0...1...2...3...4...5...6...7...8...9...10Build Patch/Sample Hash Table(s).....Done<0.0009 sec>
0...1...2...3...4...5...6...7...8...9...10FinalLightFace Done
0 of 0 (0% of) surface lights went in leaf ambient cubes.
0...1...2...3...4...5...6...7...8...9...10Writing leaf ambient...done
Ready to Finish

Object names       Objects/Maxobjs  Memory / Maxmem  Fullness 
------------       ---------------  ---------------  -------- 
models                  18/1024          864/49152    ( 1.8%) 
brushes                 97/8192         1164/98304    ( 1.2%) 
brushsides            1100/65536        8800/524288   ( 1.7%) 
planes                1196/65536       23920/1310720  ( 1.8%) 
vertexes              1478/65536       17736/786432   ( 2.3%) 
nodes                  537/65536       17184/2097152  ( 0.8%) 
texinfos               323/12288       23256/884736   ( 2.6%) 
texdata                  6/2048          192/65536    ( 0.3%) 
dispinfos                0/0               0/0        ( 0.0%) 
disp_verts               0/0               0/0        ( 0.0%) 
disp_tris                0/0               0/0        ( 0.0%) 
disp_lmsamples           0/0               0/0        ( 0.0%) 
faces                 1024/65536       57344/3670016  ( 1.6%) 
hdr faces                0/65536           0/3670016  ( 0.0%) 
origfaces              534/65536       29904/3670016  ( 0.8%) 
leaves                 556/65536       17792/2097152  ( 0.8%) 
leaffaces             1077/65536        2154/131072   ( 1.6%) 
leafbrushes            126/65536         252/131072   ( 0.2%) 
areas                    2/256            16/2048     ( 0.8%) 
surfedges             7239/512000      28956/2048000  ( 1.4%) 
edges                 4026/256000      16104/1024000  ( 1.6%) 
LDR worldlights         14/8192         1232/720896   ( 0.2%) 
HDR worldlights          0/8192            0/720896   ( 0.0%) 
leafwaterdata            0/32768           0/393216   ( 0.0%) 
waterstrips            132/32768        1320/327680   ( 0.4%) 
waterverts               0/65536           0/786432   ( 0.0%) 
waterindices          1884/65536        3768/131072   ( 2.9%) 
cubemapsamples           0/1024            0/16384    ( 0.0%) 
overlays                 0/512             0/180224   ( 0.0%) 
LDR lightdata         [variable]      148044/0        ( 0.0%) 
HDR lightdata         [variable]           0/0        ( 0.0%) 
visdata               [variable]           0/16777216 ( 0.0%) 
entdata               [variable]       21889/393216   ( 5.6%) 
LDR ambient table      556/65536        2224/262144   ( 0.8%) 
HDR ambient table      556/65536        2224/262144   ( 0.8%) 
LDR leaf ambient       788/65536       22064/1835008  ( 1.2%) 
HDR leaf ambient       556/65536       15568/1835008  ( 0.8%) 
occluders                0/0               0/0        ( 0.0%) 
occluder polygons        0/0               0/0        ( 0.0%) 
occluder vert ind        0/0               0/0        ( 0.0%) 
detail props          [variable]           1/12       ( 8.3%) 
static props          [variable]           1/12       ( 8.3%) 
pakfile               [variable]      105675/0        ( 0.0%) 
physics               [variable]       54954/4194304  ( 1.3%) 
physics terrain       [variable]           2/1048576  ( 0.0%) 

Level flags = 0

Total triangle count: 2958
Writing c:\newfolders\dktp\source-sdk-2013-master\sp\game\aft-qfpt\maps\background2.bsp
0 seconds elapsed
