


materialPath: C:\Program Files (x86)\Steam\steamapps\sourcemods\AFT-QFPT\materials
Loading C:\NewFolders\Dktp\source-sdk-2013-master\sp\game\AFT-QFPT\maps\background1.vmf
Could not locate 'GameData' key in c:\program files (x86)\steam\steamapps\sourcemods\aft-qfpt\gameinfo.txt
fixing up env_cubemap materials on brush sides...
0...1...2...3...4...5...6...7...8...9...10**** leaked ****
Entity logic_auto (-169.79 124.90 257.00) leaked!
Processing areas...done (0)
Building Faces...done (0)
FixTjuncs...
PruneNodes...
WriteBSP...
done (0)
Creating default LDR cubemaps for env_cubemap using skybox materials:
   skybox/sky_day01_01*.vmt
 ! Run buildcubemaps in the engine to get the correct cube maps.
Creating default HDR cubemaps for env_cubemap using skybox materials:
   skybox/sky_day01_01*.vmt
 ! Run buildcubemaps in the engine to get the correct cube maps.
Finding displacement neighbors...
Finding lightmap sample positions...
Displacement Alpha : 0...1...2...3...4...5...6...7...8...9...10
Building Physics collision data...
done (0) (23355 bytes)
Placing detail props : 0...1...2...3...4...5...6...7...8...9...10
Compacting texture/material tables...
Reduced 238 texinfos to 144
Reduced 10 texdatas to 10 (243 bytes to 243)
Writing C:\NewFolders\Dktp\source-sdk-2013-master\sp\game\AFT-QFPT\maps\background1.bsp
1 second elapsed



8 threads
reading c:\newfolders\dktp\source-sdk-2013-master\sp\game\aft-qfpt\maps\background1.bsp
reading c:\newfolders\dktp\source-sdk-2013-master\sp\game\aft-qfpt\maps\background1.prt
LoadPortals: couldn't read c:\newfolders\dktp\source-sdk-2013-master\sp\game\aft-qfpt\maps\background1.prt



[Reading texlights from 'lights.rad']
[48 texlights parsed from 'lights.rad']

Loading c:\newfolders\dktp\source-sdk-2013-master\sp\game\aft-qfpt\maps\background1.bsp
No vis information, direct lighting only.
307 faces
15847 square feet [2282080.00 square inches]
0 Displacements
0 Square Feet [0.00 Square Inches]
9 direct lights
0...1...2...3...4...5...6...7...8...9...10Build Patch/Sample Hash Table(s).....Done<0.0003 sec>
0...1...2...3...4...5...6...7...8...9...10FinalLightFace Done
0 of 0 (0% of) surface lights went in leaf ambient cubes.
0...1...2...3...4...5...6...7...8...9...10Writing leaf ambient...done
Ready to Finish

Object names       Objects/Maxobjs  Memory / Maxmem  Fullness 
------------       ---------------  ---------------  -------- 
models                  10/1024          480/49152    ( 1.0%) 
brushes                 59/8192          708/98304    ( 0.7%) 
brushsides             354/65536        2832/524288   ( 0.5%) 
planes                 210/65536        4200/1310720  ( 0.3%) 
vertexes               419/65536        5028/786432   ( 0.6%) 
nodes                  222/65536        7104/2097152  ( 0.3%) 
texinfos               144/12288       10368/884736   ( 1.2%) 
texdata                 10/2048          320/65536    ( 0.5%) 
dispinfos                0/0               0/0        ( 0.0%) 
disp_verts               0/0               0/0        ( 0.0%) 
disp_tris                0/0               0/0        ( 0.0%) 
disp_lmsamples           0/0               0/0        ( 0.0%) 
faces                  307/65536       17192/3670016  ( 0.5%) 
hdr faces                0/65536           0/3670016  ( 0.0%) 
origfaces              260/65536       14560/3670016  ( 0.4%) 
leaves                 233/65536        7456/2097152  ( 0.4%) 
leaffaces              343/65536         686/131072   ( 0.5%) 
leafbrushes             70/65536         140/131072   ( 0.1%) 
areas                    2/256            16/2048     ( 0.8%) 
surfedges             2450/512000       9800/2048000  ( 0.5%) 
edges                 1360/256000       5440/1024000  ( 0.5%) 
LDR worldlights          8/8192          704/720896   ( 0.1%) 
HDR worldlights          0/8192            0/720896   ( 0.0%) 
leafwaterdata            0/32768           0/393216   ( 0.0%) 
waterstrips             10/32768         100/327680   ( 0.0%) 
waterverts               0/65536           0/786432   ( 0.0%) 
waterindices           216/65536         432/131072   ( 0.3%) 
cubemapsamples           0/1024            0/16384    ( 0.0%) 
overlays                 0/512             0/180224   ( 0.0%) 
LDR lightdata         [variable]       76760/0        ( 0.0%) 
HDR lightdata         [variable]           0/0        ( 0.0%) 
visdata               [variable]           0/16777216 ( 0.0%) 
entdata               [variable]       16408/393216   ( 4.2%) 
LDR ambient table      233/65536         932/262144   ( 0.4%) 
HDR ambient table      233/65536         932/262144   ( 0.4%) 
LDR leaf ambient       949/65536       26572/1835008  ( 1.4%) 
HDR leaf ambient       233/65536        6524/1835008  ( 0.4%) 
occluders                0/0               0/0        ( 0.0%) 
occluder polygons        0/0               0/0        ( 0.0%) 
occluder vert ind        0/0               0/0        ( 0.0%) 
detail props          [variable]           1/12       ( 8.3%) 
static props          [variable]           1/828      ( 0.1%) 
pakfile               [variable]      105675/0        ( 0.0%) 
physics               [variable]       23355/4194304  ( 0.6%) 
physics terrain       [variable]           2/1048576  ( 0.0%) 

Level flags = 0

Total triangle count: 796
Writing c:\newfolders\dktp\source-sdk-2013-master\sp\game\aft-qfpt\maps\background1.bsp
1 second elapsed
