


materialPath: C:\Program Files (x86)\Steam\steamapps\sourcemods\AFT-QFPT\materials
Loading C:\NewFolders\Dktp\source-sdk-2013-master\sp\game\AFT-QFPT\maps\pt-b2.vmf
Could not locate 'GameData' key in c:\program files (x86)\steam\steamapps\sourcemods\aft-qfpt\gameinfo.txt
fixing up env_cubemap materials on brush sides...
Creating default LDR cubemaps for env_cubemap using skybox materials:
   skybox/sky_day01_01*.vmt
 ! Run buildcubemaps in the engine to get the correct cube maps.
Creating default HDR cubemaps for env_cubemap using skybox materials:
   skybox/sky_day01_01*.vmt
 ! Run buildcubemaps in the engine to get the correct cube maps.
Finding displacement neighbors...
Finding lightmap sample positions...
Displacement Alpha : 0...1...2...3...4...5...6...7...8...9...10
Building Physics collision data...
done (0) (4866 bytes)
Placing detail props : 0...1...2...3...4...5...6...7...8...9...10
Compacting texture/material tables...
Reduced 68 texinfos to 25
Reduced 4 texdatas to 4 (86 bytes to 86)
Writing C:\NewFolders\Dktp\source-sdk-2013-master\sp\game\AFT-QFPT\maps\pt-b2.bsp
0 seconds elapsed



8 threads
reading c:\newfolders\dktp\source-sdk-2013-master\sp\game\aft-qfpt\maps\pt-b2.bsp
reading c:\newfolders\dktp\source-sdk-2013-master\sp\game\aft-qfpt\maps\pt-b2.prt
LoadPortals: couldn't read c:\newfolders\dktp\source-sdk-2013-master\sp\game\aft-qfpt\maps\pt-b2.prt



[Reading texlights from 'lights.rad']
[48 texlights parsed from 'lights.rad']

Loading c:\newfolders\dktp\source-sdk-2013-master\sp\game\aft-qfpt\maps\pt-b2.bsp
No vis information, direct lighting only.
40 faces
5859 square feet [843776.00 square inches]
0 Displacements
0 Square Feet [0.00 Square Inches]
0 direct lights
0...1...2...3...4...5...6...7...8...9...10Build Patch/Sample Hash Table(s).....Done<0.0001 sec>
0...1...2...3...4...5...6...7...8...9...10FinalLightFace Done
0 of 0 (0% of) surface lights went in leaf ambient cubes.
0...1...2...3...4...5...6...7...8...9...10Writing leaf ambient...done
Ready to Finish

Object names       Objects/Maxobjs  Memory / Maxmem  Fullness 
------------       ---------------  ---------------  -------- 
models                   2/1024           96/49152    ( 0.2%) 
brushes                 11/8192          132/98304    ( 0.1%) 
brushsides              66/65536         528/524288   ( 0.1%) 
planes                  82/65536        1640/1310720  ( 0.1%) 
vertexes                65/65536         780/786432   ( 0.1%) 
nodes                   32/65536        1024/2097152  ( 0.0%) 
texinfos                25/12288        1800/884736   ( 0.2%) 
texdata                  4/2048          128/65536    ( 0.2%) 
dispinfos                0/0               0/0        ( 0.0%) 
disp_verts               0/0               0/0        ( 0.0%) 
disp_tris                0/0               0/0        ( 0.0%) 
disp_lmsamples           0/0               0/0        ( 0.0%) 
faces                   40/65536        2240/3670016  ( 0.1%) 
hdr faces                0/65536           0/3670016  ( 0.0%) 
origfaces               40/65536        2240/3670016  ( 0.1%) 
leaves                  35/65536        1120/2097152  ( 0.1%) 
leaffaces               40/65536          80/131072   ( 0.1%) 
leafbrushes             13/65536          26/131072   ( 0.0%) 
areas                    1/256             8/2048     ( 0.4%) 
surfedges              336/512000       1344/2048000  ( 0.1%) 
edges                  197/256000        788/1024000  ( 0.1%) 
LDR worldlights          0/8192            0/720896   ( 0.0%) 
HDR worldlights          0/8192            0/720896   ( 0.0%) 
leafwaterdata            0/32768           0/393216   ( 0.0%) 
waterstrips              0/32768           0/327680   ( 0.0%) 
waterverts               0/65536           0/786432   ( 0.0%) 
waterindices             0/65536           0/131072   ( 0.0%) 
cubemapsamples           0/1024            0/16384    ( 0.0%) 
overlays                 0/512             0/180224   ( 0.0%) 
LDR lightdata         [variable]       30560/0        ( 0.0%) 
HDR lightdata         [variable]           0/0        ( 0.0%) 
visdata               [variable]           0/16777216 ( 0.0%) 
entdata               [variable]        1683/393216   ( 0.4%) 
LDR ambient table       35/65536         140/262144   ( 0.1%) 
HDR ambient table       35/65536         140/262144   ( 0.1%) 
LDR leaf ambient        21/65536         588/1835008  ( 0.0%) 
HDR leaf ambient        35/65536         980/1835008  ( 0.1%) 
occluders                0/0               0/0        ( 0.0%) 
occluder polygons        0/0               0/0        ( 0.0%) 
occluder vert ind        0/0               0/0        ( 0.0%) 
detail props          [variable]           1/12       ( 8.3%) 
static props          [variable]           1/12       ( 8.3%) 
pakfile               [variable]      105651/0        ( 0.0%) 
physics               [variable]        4866/4194304  ( 0.1%) 
physics terrain       [variable]           2/1048576  ( 0.0%) 

Level flags = 0

Total triangle count: 96
Writing c:\newfolders\dktp\source-sdk-2013-master\sp\game\aft-qfpt\maps\pt-b2.bsp
0 seconds elapsed



materialPath: C:\Program Files (x86)\Steam\steamapps\sourcemods\AFT-QFPT\materials
Loading C:\NewFolders\Dktp\source-sdk-2013-master\sp\game\AFT-QFPT\maps\pt-b2.vmf
Could not locate 'GameData' key in c:\program files (x86)\steam\steamapps\sourcemods\aft-qfpt\gameinfo.txt
fixing up env_cubemap materials on brush sides...
Creating default LDR cubemaps for env_cubemap using skybox materials:
   skybox/sky_day01_01*.vmt
 ! Run buildcubemaps in the engine to get the correct cube maps.
Creating default HDR cubemaps for env_cubemap using skybox materials:
   skybox/sky_day01_01*.vmt
 ! Run buildcubemaps in the engine to get the correct cube maps.
Finding displacement neighbors...
Finding lightmap sample positions...
Displacement Alpha : 0...1...2...3...4...5...6...7...8...9...10
Building Physics collision data...
done (0) (4866 bytes)
Placing detail props : 0...1...2...3...4...5...6...7...8...9...10
Compacting texture/material tables...
Reduced 68 texinfos to 25
Reduced 4 texdatas to 4 (86 bytes to 86)
Writing C:\NewFolders\Dktp\source-sdk-2013-master\sp\game\AFT-QFPT\maps\pt-b2.bsp
0 seconds elapsed



8 threads
reading c:\newfolders\dktp\source-sdk-2013-master\sp\game\aft-qfpt\maps\pt-b2.bsp
reading c:\newfolders\dktp\source-sdk-2013-master\sp\game\aft-qfpt\maps\pt-b2.prt
LoadPortals: couldn't read c:\newfolders\dktp\source-sdk-2013-master\sp\game\aft-qfpt\maps\pt-b2.prt



[Reading texlights from 'lights.rad']
[48 texlights parsed from 'lights.rad']

Loading c:\newfolders\dktp\source-sdk-2013-master\sp\game\aft-qfpt\maps\pt-b2.bsp
No vis information, direct lighting only.
40 faces
5859 square feet [843776.00 square inches]
0 Displacements
0 Square Feet [0.00 Square Inches]
0 direct lights
0...1...2...3...4...5...6...7...8...9...10Build Patch/Sample Hash Table(s).....Done<0.0001 sec>
0...1...2...3...4...5...6...7...8...9...10FinalLightFace Done
0 of 0 (0% of) surface lights went in leaf ambient cubes.
0...1...2...3...4...5...6...7...8...9...10Writing leaf ambient...done
Ready to Finish

Object names       Objects/Maxobjs  Memory / Maxmem  Fullness 
------------       ---------------  ---------------  -------- 
models                   2/1024           96/49152    ( 0.2%) 
brushes                 11/8192          132/98304    ( 0.1%) 
brushsides              66/65536         528/524288   ( 0.1%) 
planes                  82/65536        1640/1310720  ( 0.1%) 
vertexes                65/65536         780/786432   ( 0.1%) 
nodes                   32/65536        1024/2097152  ( 0.0%) 
texinfos                25/12288        1800/884736   ( 0.2%) 
texdata                  4/2048          128/65536    ( 0.2%) 
dispinfos                0/0               0/0        ( 0.0%) 
disp_verts               0/0               0/0        ( 0.0%) 
disp_tris                0/0               0/0        ( 0.0%) 
disp_lmsamples           0/0               0/0        ( 0.0%) 
faces                   40/65536        2240/3670016  ( 0.1%) 
hdr faces                0/65536           0/3670016  ( 0.0%) 
origfaces               40/65536        2240/3670016  ( 0.1%) 
leaves                  35/65536        1120/2097152  ( 0.1%) 
leaffaces               40/65536          80/131072   ( 0.1%) 
leafbrushes             13/65536          26/131072   ( 0.0%) 
areas                    1/256             8/2048     ( 0.4%) 
surfedges              336/512000       1344/2048000  ( 0.1%) 
edges                  197/256000        788/1024000  ( 0.1%) 
LDR worldlights          0/8192            0/720896   ( 0.0%) 
HDR worldlights          0/8192            0/720896   ( 0.0%) 
leafwaterdata            0/32768           0/393216   ( 0.0%) 
waterstrips              0/32768           0/327680   ( 0.0%) 
waterverts               0/65536           0/786432   ( 0.0%) 
waterindices             0/65536           0/131072   ( 0.0%) 
cubemapsamples           0/1024            0/16384    ( 0.0%) 
overlays                 0/512             0/180224   ( 0.0%) 
LDR lightdata         [variable]       30560/0        ( 0.0%) 
HDR lightdata         [variable]           0/0        ( 0.0%) 
visdata               [variable]           0/16777216 ( 0.0%) 
entdata               [variable]        1841/393216   ( 0.5%) 
LDR ambient table       35/65536         140/262144   ( 0.1%) 
HDR ambient table       35/65536         140/262144   ( 0.1%) 
LDR leaf ambient        21/65536         588/1835008  ( 0.0%) 
HDR leaf ambient        35/65536         980/1835008  ( 0.1%) 
occluders                0/0               0/0        ( 0.0%) 
occluder polygons        0/0               0/0        ( 0.0%) 
occluder vert ind        0/0               0/0        ( 0.0%) 
detail props          [variable]           1/12       ( 8.3%) 
static props          [variable]           1/12       ( 8.3%) 
pakfile               [variable]      105651/0        ( 0.0%) 
physics               [variable]        4866/4194304  ( 0.1%) 
physics terrain       [variable]           2/1048576  ( 0.0%) 

Level flags = 0

Total triangle count: 96
Writing c:\newfolders\dktp\source-sdk-2013-master\sp\game\aft-qfpt\maps\pt-b2.bsp
0 seconds elapsed



materialPath: C:\Program Files (x86)\Steam\steamapps\sourcemods\AFT-QFPT\materials
Loading C:\NewFolders\Dktp\source-sdk-2013-master\sp\game\AFT-QFPT\maps\pt-b2.vmf
Could not locate 'GameData' key in c:\program files (x86)\steam\steamapps\sourcemods\aft-qfpt\gameinfo.txt
fixing up env_cubemap materials on brush sides...
Creating default LDR cubemaps for env_cubemap using skybox materials:
   skybox/sky_day01_01*.vmt
 ! Run buildcubemaps in the engine to get the correct cube maps.
Creating default HDR cubemaps for env_cubemap using skybox materials:
   skybox/sky_day01_01*.vmt
 ! Run buildcubemaps in the engine to get the correct cube maps.
Finding displacement neighbors...
Finding lightmap sample positions...
Displacement Alpha : 0...1...2...3...4...5...6...7...8...9...10
Building Physics collision data...
done (0) (4866 bytes)
Placing detail props : 0...1...2...3...4...5...6...7...8...9...10
Compacting texture/material tables...
Reduced 68 texinfos to 25
Reduced 4 texdatas to 4 (86 bytes to 86)
Writing C:\NewFolders\Dktp\source-sdk-2013-master\sp\game\AFT-QFPT\maps\pt-b2.bsp
0 seconds elapsed



8 threads
reading c:\newfolders\dktp\source-sdk-2013-master\sp\game\aft-qfpt\maps\pt-b2.bsp
reading c:\newfolders\dktp\source-sdk-2013-master\sp\game\aft-qfpt\maps\pt-b2.prt
LoadPortals: couldn't read c:\newfolders\dktp\source-sdk-2013-master\sp\game\aft-qfpt\maps\pt-b2.prt



[Reading texlights from 'lights.rad']
[48 texlights parsed from 'lights.rad']

Loading c:\newfolders\dktp\source-sdk-2013-master\sp\game\aft-qfpt\maps\pt-b2.bsp
No vis information, direct lighting only.
40 faces
5859 square feet [843776.00 square inches]
0 Displacements
0 Square Feet [0.00 Square Inches]
0 direct lights
0...1...2...3...4...5...6...7...8...9...10Build Patch/Sample Hash Table(s).....Done<0.0001 sec>
0...1...2...3...4...5...6...7...8...9...10FinalLightFace Done
0 of 0 (0% of) surface lights went in leaf ambient cubes.
0...1...2...3...4...5...6...7...8...9...10Writing leaf ambient...done
Ready to Finish

Object names       Objects/Maxobjs  Memory / Maxmem  Fullness 
------------       ---------------  ---------------  -------- 
models                   2/1024           96/49152    ( 0.2%) 
brushes                 11/8192          132/98304    ( 0.1%) 
brushsides              66/65536         528/524288   ( 0.1%) 
planes                  82/65536        1640/1310720  ( 0.1%) 
vertexes                65/65536         780/786432   ( 0.1%) 
nodes                   32/65536        1024/2097152  ( 0.0%) 
texinfos                25/12288        1800/884736   ( 0.2%) 
texdata                  4/2048          128/65536    ( 0.2%) 
dispinfos                0/0               0/0        ( 0.0%) 
disp_verts               0/0               0/0        ( 0.0%) 
disp_tris                0/0               0/0        ( 0.0%) 
disp_lmsamples           0/0               0/0        ( 0.0%) 
faces                   40/65536        2240/3670016  ( 0.1%) 
hdr faces                0/65536           0/3670016  ( 0.0%) 
origfaces               40/65536        2240/3670016  ( 0.1%) 
leaves                  35/65536        1120/2097152  ( 0.1%) 
leaffaces               40/65536          80/131072   ( 0.1%) 
leafbrushes             13/65536          26/131072   ( 0.0%) 
areas                    1/256             8/2048     ( 0.4%) 
surfedges              336/512000       1344/2048000  ( 0.1%) 
edges                  197/256000        788/1024000  ( 0.1%) 
LDR worldlights          0/8192            0/720896   ( 0.0%) 
HDR worldlights          0/8192            0/720896   ( 0.0%) 
leafwaterdata            0/32768           0/393216   ( 0.0%) 
waterstrips              0/32768           0/327680   ( 0.0%) 
waterverts               0/65536           0/786432   ( 0.0%) 
waterindices             0/65536           0/131072   ( 0.0%) 
cubemapsamples           0/1024            0/16384    ( 0.0%) 
overlays                 0/512             0/180224   ( 0.0%) 
LDR lightdata         [variable]       30560/0        ( 0.0%) 
HDR lightdata         [variable]           0/0        ( 0.0%) 
visdata               [variable]           0/16777216 ( 0.0%) 
entdata               [variable]        1841/393216   ( 0.5%) 
LDR ambient table       35/65536         140/262144   ( 0.1%) 
HDR ambient table       35/65536         140/262144   ( 0.1%) 
LDR leaf ambient        21/65536         588/1835008  ( 0.0%) 
HDR leaf ambient        35/65536         980/1835008  ( 0.1%) 
occluders                0/0               0/0        ( 0.0%) 
occluder polygons        0/0               0/0        ( 0.0%) 
occluder vert ind        0/0               0/0        ( 0.0%) 
detail props          [variable]           1/12       ( 8.3%) 
static props          [variable]           1/12       ( 8.3%) 
pakfile               [variable]      105651/0        ( 0.0%) 
physics               [variable]        4866/4194304  ( 0.1%) 
physics terrain       [variable]           2/1048576  ( 0.0%) 

Level flags = 0

Total triangle count: 96
Writing c:\newfolders\dktp\source-sdk-2013-master\sp\game\aft-qfpt\maps\pt-b2.bsp
0 seconds elapsed



materialPath: C:\Program Files (x86)\Steam\steamapps\sourcemods\AFT-QFPT\materials
Loading C:\NewFolders\Dktp\source-sdk-2013-master\sp\game\AFT-QFPT\maps\pt-b2.vmf
Could not locate 'GameData' key in c:\program files (x86)\steam\steamapps\sourcemods\aft-qfpt\gameinfo.txt
fixing up env_cubemap materials on brush sides...
Creating default LDR cubemaps for env_cubemap using skybox materials:
   skybox/sky_day01_01*.vmt
 ! Run buildcubemaps in the engine to get the correct cube maps.
Creating default HDR cubemaps for env_cubemap using skybox materials:
   skybox/sky_day01_01*.vmt
 ! Run buildcubemaps in the engine to get the correct cube maps.
Finding displacement neighbors...
Finding lightmap sample positions...
Displacement Alpha : 0...1...2...3...4...5...6...7...8...9...10
Building Physics collision data...
done (0) (4866 bytes)
Placing detail props : 0...1...2...3...4...5...6...7...8...9...10
Compacting texture/material tables...
Reduced 68 texinfos to 25
Reduced 4 texdatas to 4 (86 bytes to 86)
Writing C:\NewFolders\Dktp\source-sdk-2013-master\sp\game\AFT-QFPT\maps\pt-b2.bsp
0 seconds elapsed



8 threads
reading c:\newfolders\dktp\source-sdk-2013-master\sp\game\aft-qfpt\maps\pt-b2.bsp
reading c:\newfolders\dktp\source-sdk-2013-master\sp\game\aft-qfpt\maps\pt-b2.prt
LoadPortals: couldn't read c:\newfolders\dktp\source-sdk-2013-master\sp\game\aft-qfpt\maps\pt-b2.prt



[Reading texlights from 'lights.rad']
[48 texlights parsed from 'lights.rad']

Loading c:\newfolders\dktp\source-sdk-2013-master\sp\game\aft-qfpt\maps\pt-b2.bsp
No vis information, direct lighting only.
40 faces
5859 square feet [843776.00 square inches]
0 Displacements
0 Square Feet [0.00 Square Inches]
0 direct lights
0...1...2...3...4...5...6...7...8...9...10Build Patch/Sample Hash Table(s).....Done<0.0001 sec>
0...1...2...3...4...5...6...7...8...9...10FinalLightFace Done
0 of 0 (0% of) surface lights went in leaf ambient cubes.
0...1...2...3...4...5...6...7...8...9...10Writing leaf ambient...done
Ready to Finish

Object names       Objects/Maxobjs  Memory / Maxmem  Fullness 
------------       ---------------  ---------------  -------- 
models                   2/1024           96/49152    ( 0.2%) 
brushes                 11/8192          132/98304    ( 0.1%) 
brushsides              66/65536         528/524288   ( 0.1%) 
planes                  82/65536        1640/1310720  ( 0.1%) 
vertexes                65/65536         780/786432   ( 0.1%) 
nodes                   32/65536        1024/2097152  ( 0.0%) 
texinfos                25/12288        1800/884736   ( 0.2%) 
texdata                  4/2048          128/65536    ( 0.2%) 
dispinfos                0/0               0/0        ( 0.0%) 
disp_verts               0/0               0/0        ( 0.0%) 
disp_tris                0/0               0/0        ( 0.0%) 
disp_lmsamples           0/0               0/0        ( 0.0%) 
faces                   40/65536        2240/3670016  ( 0.1%) 
hdr faces                0/65536           0/3670016  ( 0.0%) 
origfaces               40/65536        2240/3670016  ( 0.1%) 
leaves                  35/65536        1120/2097152  ( 0.1%) 
leaffaces               40/65536          80/131072   ( 0.1%) 
leafbrushes             13/65536          26/131072   ( 0.0%) 
areas                    1/256             8/2048     ( 0.4%) 
surfedges              336/512000       1344/2048000  ( 0.1%) 
edges                  197/256000        788/1024000  ( 0.1%) 
LDR worldlights          0/8192            0/720896   ( 0.0%) 
HDR worldlights          0/8192            0/720896   ( 0.0%) 
leafwaterdata            0/32768           0/393216   ( 0.0%) 
waterstrips              0/32768           0/327680   ( 0.0%) 
waterverts               0/65536           0/786432   ( 0.0%) 
waterindices             0/65536           0/131072   ( 0.0%) 
cubemapsamples           0/1024            0/16384    ( 0.0%) 
overlays                 0/512             0/180224   ( 0.0%) 
LDR lightdata         [variable]       30560/0        ( 0.0%) 
HDR lightdata         [variable]           0/0        ( 0.0%) 
visdata               [variable]           0/16777216 ( 0.0%) 
entdata               [variable]        1655/393216   ( 0.4%) 
LDR ambient table       35/65536         140/262144   ( 0.1%) 
HDR ambient table       35/65536         140/262144   ( 0.1%) 
LDR leaf ambient        21/65536         588/1835008  ( 0.0%) 
HDR leaf ambient        35/65536         980/1835008  ( 0.1%) 
occluders                0/0               0/0        ( 0.0%) 
occluder polygons        0/0               0/0        ( 0.0%) 
occluder vert ind        0/0               0/0        ( 0.0%) 
detail props          [variable]           1/12       ( 8.3%) 
static props          [variable]           1/12       ( 8.3%) 
pakfile               [variable]      105651/0        ( 0.0%) 
physics               [variable]        4866/4194304  ( 0.1%) 
physics terrain       [variable]           2/1048576  ( 0.0%) 

Level flags = 0

Total triangle count: 96
Writing c:\newfolders\dktp\source-sdk-2013-master\sp\game\aft-qfpt\maps\pt-b2.bsp
0 seconds elapsed



materialPath: C:\Program Files (x86)\Steam\steamapps\sourcemods\AFT-QFPT\materials
Loading C:\NewFolders\Dktp\source-sdk-2013-master\sp\game\AFT-QFPT\maps\pt-b2.vmf
Could not locate 'GameData' key in c:\program files (x86)\steam\steamapps\sourcemods\aft-qfpt\gameinfo.txt
fixing up env_cubemap materials on brush sides...
Creating default LDR cubemaps for env_cubemap using skybox materials:
   skybox/sky_day01_01*.vmt
 ! Run buildcubemaps in the engine to get the correct cube maps.
Creating default HDR cubemaps for env_cubemap using skybox materials:
   skybox/sky_day01_01*.vmt
 ! Run buildcubemaps in the engine to get the correct cube maps.
Finding displacement neighbors...
Finding lightmap sample positions...
Displacement Alpha : 0...1...2...3...4...5...6...7...8...9...10
Building Physics collision data...
done (0) (4866 bytes)
Placing detail props : 0...1...2...3...4...5...6...7...8...9...10
Compacting texture/material tables...
Reduced 68 texinfos to 25
Reduced 4 texdatas to 4 (86 bytes to 86)
Writing C:\NewFolders\Dktp\source-sdk-2013-master\sp\game\AFT-QFPT\maps\pt-b2.bsp
0 seconds elapsed



8 threads
reading c:\newfolders\dktp\source-sdk-2013-master\sp\game\aft-qfpt\maps\pt-b2.bsp
reading c:\newfolders\dktp\source-sdk-2013-master\sp\game\aft-qfpt\maps\pt-b2.prt
LoadPortals: couldn't read c:\newfolders\dktp\source-sdk-2013-master\sp\game\aft-qfpt\maps\pt-b2.prt



[Reading texlights from 'lights.rad']
[48 texlights parsed from 'lights.rad']

Loading c:\newfolders\dktp\source-sdk-2013-master\sp\game\aft-qfpt\maps\pt-b2.bsp
No vis information, direct lighting only.
40 faces
5859 square feet [843776.00 square inches]
0 Displacements
0 Square Feet [0.00 Square Inches]
0 direct lights
0...1...2...3...4...5...6...7...8...9...10Build Patch/Sample Hash Table(s).....Done<0.0001 sec>
0...1...2...3...4...5...6...7...8...9...10FinalLightFace Done
0 of 0 (0% of) surface lights went in leaf ambient cubes.
0...1...2...3...4...5...6...7...8...9...10Writing leaf ambient...done
Ready to Finish

Object names       Objects/Maxobjs  Memory / Maxmem  Fullness 
------------       ---------------  ---------------  -------- 
models                   2/1024           96/49152    ( 0.2%) 
brushes                 11/8192          132/98304    ( 0.1%) 
brushsides              66/65536         528/524288   ( 0.1%) 
planes                  82/65536        1640/1310720  ( 0.1%) 
vertexes                65/65536         780/786432   ( 0.1%) 
nodes                   32/65536        1024/2097152  ( 0.0%) 
texinfos                25/12288        1800/884736   ( 0.2%) 
texdata                  4/2048          128/65536    ( 0.2%) 
dispinfos                0/0               0/0        ( 0.0%) 
disp_verts               0/0               0/0        ( 0.0%) 
disp_tris                0/0               0/0        ( 0.0%) 
disp_lmsamples           0/0               0/0        ( 0.0%) 
faces                   40/65536        2240/3670016  ( 0.1%) 
hdr faces                0/65536           0/3670016  ( 0.0%) 
origfaces               40/65536        2240/3670016  ( 0.1%) 
leaves                  35/65536        1120/2097152  ( 0.1%) 
leaffaces               40/65536          80/131072   ( 0.1%) 
leafbrushes             13/65536          26/131072   ( 0.0%) 
areas                    1/256             8/2048     ( 0.4%) 
surfedges              336/512000       1344/2048000  ( 0.1%) 
edges                  197/256000        788/1024000  ( 0.1%) 
LDR worldlights          0/8192            0/720896   ( 0.0%) 
HDR worldlights          0/8192            0/720896   ( 0.0%) 
leafwaterdata            0/32768           0/393216   ( 0.0%) 
waterstrips              0/32768           0/327680   ( 0.0%) 
waterverts               0/65536           0/786432   ( 0.0%) 
waterindices             0/65536           0/131072   ( 0.0%) 
cubemapsamples           0/1024            0/16384    ( 0.0%) 
overlays                 0/512             0/180224   ( 0.0%) 
LDR lightdata         [variable]       30560/0        ( 0.0%) 
HDR lightdata         [variable]           0/0        ( 0.0%) 
visdata               [variable]           0/16777216 ( 0.0%) 
entdata               [variable]        1655/393216   ( 0.4%) 
LDR ambient table       35/65536         140/262144   ( 0.1%) 
HDR ambient table       35/65536         140/262144   ( 0.1%) 
LDR leaf ambient        21/65536         588/1835008  ( 0.0%) 
HDR leaf ambient        35/65536         980/1835008  ( 0.1%) 
occluders                0/0               0/0        ( 0.0%) 
occluder polygons        0/0               0/0        ( 0.0%) 
occluder vert ind        0/0               0/0        ( 0.0%) 
detail props          [variable]           1/12       ( 8.3%) 
static props          [variable]           1/12       ( 8.3%) 
pakfile               [variable]      105651/0        ( 0.0%) 
physics               [variable]        4866/4194304  ( 0.1%) 
physics terrain       [variable]           2/1048576  ( 0.0%) 

Level flags = 0

Total triangle count: 96
Writing c:\newfolders\dktp\source-sdk-2013-master\sp\game\aft-qfpt\maps\pt-b2.bsp
0 seconds elapsed



materialPath: C:\Program Files (x86)\Steam\steamapps\sourcemods\AFT-QFPT\materials
Loading C:\NewFolders\Dktp\source-sdk-2013-master\sp\game\AFT-QFPT\maps\pt-b2.vmf
Could not locate 'GameData' key in c:\program files (x86)\steam\steamapps\sourcemods\aft-qfpt\gameinfo.txt
fixing up env_cubemap materials on brush sides...
0...1...2...3...4...5...6...7...8...9...10**** leaked ****
Entity path_track (-384.00 -369.28 32.00) leaked!
Processing areas...done (0)
Building Faces...done (0)
FixTjuncs...
PruneNodes...
WriteBSP...
done (0)
Creating default LDR cubemaps for env_cubemap using skybox materials:
   skybox/sky_day01_01*.vmt
 ! Run buildcubemaps in the engine to get the correct cube maps.
Creating default HDR cubemaps for env_cubemap using skybox materials:
   skybox/sky_day01_01*.vmt
 ! Run buildcubemaps in the engine to get the correct cube maps.
Finding displacement neighbors...
Finding lightmap sample positions...
Displacement Alpha : 0...1...2...3...4...5...6...7...8...9...10
Building Physics collision data...
done (0) (4298 bytes)
Placing detail props : 0...1...2...3...4...5...6...7...8...9...10
Compacting texture/material tables...
Reduced 40 texinfos to 25
Reduced 4 texdatas to 4 (86 bytes to 86)
Writing C:\NewFolders\Dktp\source-sdk-2013-master\sp\game\AFT-QFPT\maps\pt-b2.bsp
0 seconds elapsed



8 threads
reading c:\newfolders\dktp\source-sdk-2013-master\sp\game\aft-qfpt\maps\pt-b2.bsp
reading c:\newfolders\dktp\source-sdk-2013-master\sp\game\aft-qfpt\maps\pt-b2.prt
LoadPortals: couldn't read c:\newfolders\dktp\source-sdk-2013-master\sp\game\aft-qfpt\maps\pt-b2.prt



[Reading texlights from 'lights.rad']
[48 texlights parsed from 'lights.rad']

Loading c:\newfolders\dktp\source-sdk-2013-master\sp\game\aft-qfpt\maps\pt-b2.bsp
No vis information, direct lighting only.
40 faces
5859 square feet [843776.00 square inches]
0 Displacements
0 Square Feet [0.00 Square Inches]
0 direct lights
0...1...2...3...4...5...6...7...8...9...10Build Patch/Sample Hash Table(s).....Done<0.0001 sec>
0...1...2...3...4...5...6...7...8...9...10FinalLightFace Done
0 of 0 (0% of) surface lights went in leaf ambient cubes.
0...1...2...3...4...5...6...7...8...9...10Writing leaf ambient...done
Ready to Finish

Object names       Objects/Maxobjs  Memory / Maxmem  Fullness 
------------       ---------------  ---------------  -------- 
models                   2/1024           96/49152    ( 0.2%) 
brushes                 11/8192          132/98304    ( 0.1%) 
brushsides              66/65536         528/524288   ( 0.1%) 
planes                  70/65536        1400/1310720  ( 0.1%) 
vertexes                65/65536         780/786432   ( 0.1%) 
nodes                   38/65536        1216/2097152  ( 0.1%) 
texinfos                25/12288        1800/884736   ( 0.2%) 
texdata                  4/2048          128/65536    ( 0.2%) 
dispinfos                0/0               0/0        ( 0.0%) 
disp_verts               0/0               0/0        ( 0.0%) 
disp_tris                0/0               0/0        ( 0.0%) 
disp_lmsamples           0/0               0/0        ( 0.0%) 
faces                   40/65536        2240/3670016  ( 0.1%) 
hdr faces                0/65536           0/3670016  ( 0.0%) 
origfaces               40/65536        2240/3670016  ( 0.1%) 
leaves                  41/65536        1312/2097152  ( 0.1%) 
leaffaces               40/65536          80/131072   ( 0.1%) 
leafbrushes             13/65536          26/131072   ( 0.0%) 
areas                    2/256            16/2048     ( 0.8%) 
surfedges              336/512000       1344/2048000  ( 0.1%) 
edges                  197/256000        788/1024000  ( 0.1%) 
LDR worldlights          0/8192            0/720896   ( 0.0%) 
HDR worldlights          0/8192            0/720896   ( 0.0%) 
leafwaterdata            0/32768           0/393216   ( 0.0%) 
waterstrips              0/32768           0/327680   ( 0.0%) 
waterverts               0/65536           0/786432   ( 0.0%) 
waterindices             0/65536           0/131072   ( 0.0%) 
cubemapsamples           0/1024            0/16384    ( 0.0%) 
overlays                 0/512             0/180224   ( 0.0%) 
LDR lightdata         [variable]       30560/0        ( 0.0%) 
HDR lightdata         [variable]           0/0        ( 0.0%) 
visdata               [variable]           0/16777216 ( 0.0%) 
entdata               [variable]        1273/393216   ( 0.3%) 
LDR ambient table       41/65536         164/262144   ( 0.1%) 
HDR ambient table       41/65536         164/262144   ( 0.1%) 
LDR leaf ambient        29/65536         812/1835008  ( 0.0%) 
HDR leaf ambient        41/65536        1148/1835008  ( 0.1%) 
occluders                0/0               0/0        ( 0.0%) 
occluder polygons        0/0               0/0        ( 0.0%) 
occluder vert ind        0/0               0/0        ( 0.0%) 
detail props          [variable]           1/12       ( 8.3%) 
static props          [variable]           1/12       ( 8.3%) 
pakfile               [variable]      105651/0        ( 0.0%) 
physics               [variable]        4298/4194304  ( 0.1%) 
physics terrain       [variable]           2/1048576  ( 0.0%) 

Level flags = 0

Total triangle count: 96
Writing c:\newfolders\dktp\source-sdk-2013-master\sp\game\aft-qfpt\maps\pt-b2.bsp
0 seconds elapsed



materialPath: C:\Program Files (x86)\Steam\steamapps\sourcemods\AFT-QFPT\materials
Loading C:\NewFolders\Dktp\source-sdk-2013-master\sp\game\AFT-QFPT\maps\pt-b2.vmf
Could not locate 'GameData' key in c:\program files (x86)\steam\steamapps\sourcemods\aft-qfpt\gameinfo.txt
fixing up env_cubemap materials on brush sides...
0...1...2...3...4...5...6...7...8...9...10**** leaked ****
Entity path_track (-384.00 -369.28 32.00) leaked!
Processing areas...done (0)
Building Faces...done (0)
FixTjuncs...
PruneNodes...
WriteBSP...
done (0)
Creating default LDR cubemaps for env_cubemap using skybox materials:
   skybox/sky_day01_01*.vmt
 ! Run buildcubemaps in the engine to get the correct cube maps.
Creating default HDR cubemaps for env_cubemap using skybox materials:
   skybox/sky_day01_01*.vmt
 ! Run buildcubemaps in the engine to get the correct cube maps.
Finding displacement neighbors...
Finding lightmap sample positions...
Displacement Alpha : 0...1...2...3...4...5...6...7...8...9...10
Building Physics collision data...
done (0) (4298 bytes)
Placing detail props : 0...1...2...3...4...5...6...7...8...9...10
Compacting texture/material tables...
Reduced 40 texinfos to 25
Reduced 4 texdatas to 4 (86 bytes to 86)
Writing C:\NewFolders\Dktp\source-sdk-2013-master\sp\game\AFT-QFPT\maps\pt-b2.bsp
0 seconds elapsed



8 threads
reading c:\newfolders\dktp\source-sdk-2013-master\sp\game\aft-qfpt\maps\pt-b2.bsp
reading c:\newfolders\dktp\source-sdk-2013-master\sp\game\aft-qfpt\maps\pt-b2.prt
LoadPortals: couldn't read c:\newfolders\dktp\source-sdk-2013-master\sp\game\aft-qfpt\maps\pt-b2.prt



[Reading texlights from 'lights.rad']
[48 texlights parsed from 'lights.rad']

Loading c:\newfolders\dktp\source-sdk-2013-master\sp\game\aft-qfpt\maps\pt-b2.bsp
No vis information, direct lighting only.
40 faces
5859 square feet [843776.00 square inches]
0 Displacements
0 Square Feet [0.00 Square Inches]
0 direct lights
0...1...2...3...4...5...6...7...8...9...10Build Patch/Sample Hash Table(s).....Done<0.0001 sec>
0...1...2...3...4...5...6...7...8...9...10FinalLightFace Done
0 of 0 (0% of) surface lights went in leaf ambient cubes.
0...1...2...3...4...5...6...7...8...9...10Writing leaf ambient...done
Ready to Finish

Object names       Objects/Maxobjs  Memory / Maxmem  Fullness 
------------       ---------------  ---------------  -------- 
models                   2/1024           96/49152    ( 0.2%) 
brushes                 11/8192          132/98304    ( 0.1%) 
brushsides              66/65536         528/524288   ( 0.1%) 
planes                  70/65536        1400/1310720  ( 0.1%) 
vertexes                65/65536         780/786432   ( 0.1%) 
nodes                   38/65536        1216/2097152  ( 0.1%) 
texinfos                25/12288        1800/884736   ( 0.2%) 
texdata                  4/2048          128/65536    ( 0.2%) 
dispinfos                0/0               0/0        ( 0.0%) 
disp_verts               0/0               0/0        ( 0.0%) 
disp_tris                0/0               0/0        ( 0.0%) 
disp_lmsamples           0/0               0/0        ( 0.0%) 
faces                   40/65536        2240/3670016  ( 0.1%) 
hdr faces                0/65536           0/3670016  ( 0.0%) 
origfaces               40/65536        2240/3670016  ( 0.1%) 
leaves                  41/65536        1312/2097152  ( 0.1%) 
leaffaces               40/65536          80/131072   ( 0.1%) 
leafbrushes             13/65536          26/131072   ( 0.0%) 
areas                    2/256            16/2048     ( 0.8%) 
surfedges              336/512000       1344/2048000  ( 0.1%) 
edges                  197/256000        788/1024000  ( 0.1%) 
LDR worldlights          0/8192            0/720896   ( 0.0%) 
HDR worldlights          0/8192            0/720896   ( 0.0%) 
leafwaterdata            0/32768           0/393216   ( 0.0%) 
waterstrips              0/32768           0/327680   ( 0.0%) 
waterverts               0/65536           0/786432   ( 0.0%) 
waterindices             0/65536           0/131072   ( 0.0%) 
cubemapsamples           0/1024            0/16384    ( 0.0%) 
overlays                 0/512             0/180224   ( 0.0%) 
LDR lightdata         [variable]       30560/0        ( 0.0%) 
HDR lightdata         [variable]           0/0        ( 0.0%) 
visdata               [variable]           0/16777216 ( 0.0%) 
entdata               [variable]        1273/393216   ( 0.3%) 
LDR ambient table       41/65536         164/262144   ( 0.1%) 
HDR ambient table       41/65536         164/262144   ( 0.1%) 
LDR leaf ambient        29/65536         812/1835008  ( 0.0%) 
HDR leaf ambient        41/65536        1148/1835008  ( 0.1%) 
occluders                0/0               0/0        ( 0.0%) 
occluder polygons        0/0               0/0        ( 0.0%) 
occluder vert ind        0/0               0/0        ( 0.0%) 
detail props          [variable]           1/12       ( 8.3%) 
static props          [variable]           1/12       ( 8.3%) 
pakfile               [variable]      105651/0        ( 0.0%) 
physics               [variable]        4298/4194304  ( 0.1%) 
physics terrain       [variable]           2/1048576  ( 0.0%) 

Level flags = 0

Total triangle count: 96
Writing c:\newfolders\dktp\source-sdk-2013-master\sp\game\aft-qfpt\maps\pt-b2.bsp
0 seconds elapsed



materialPath: C:\Program Files (x86)\Steam\steamapps\sourcemods\AFT-QFPT\materials
Loading C:\NewFolders\Dktp\source-sdk-2013-master\sp\game\AFT-QFPT\maps\pt-b2.vmf
Could not locate 'GameData' key in c:\program files (x86)\steam\steamapps\sourcemods\aft-qfpt\gameinfo.txt
fixing up env_cubemap materials on brush sides...
0...1...2...3...4...5...6...7...8...9...10**** leaked ****
Entity func_brush (-384.00 -384.00 56.00) leaked!
Processing areas...done (0)
Building Faces...done (0)
FixTjuncs...
PruneNodes...
WriteBSP...
done (0)
Creating default LDR cubemaps for env_cubemap using skybox materials:
   skybox/sky_day01_01*.vmt
 ! Run buildcubemaps in the engine to get the correct cube maps.
Creating default HDR cubemaps for env_cubemap using skybox materials:
   skybox/sky_day01_01*.vmt
 ! Run buildcubemaps in the engine to get the correct cube maps.
Finding displacement neighbors...
Finding lightmap sample positions...
Displacement Alpha : 0...1...2...3...4...5...6...7...8...9...10
Building Physics collision data...
done (0) (4509 bytes)
Placing detail props : 0...1...2...3...4...5...6...7...8...9...10
Compacting texture/material tables...
Reduced 46 texinfos to 26
Reduced 4 texdatas to 4 (86 bytes to 86)
Writing C:\NewFolders\Dktp\source-sdk-2013-master\sp\game\AFT-QFPT\maps\pt-b2.bsp
0 seconds elapsed



8 threads
reading c:\newfolders\dktp\source-sdk-2013-master\sp\game\aft-qfpt\maps\pt-b2.bsp
reading c:\newfolders\dktp\source-sdk-2013-master\sp\game\aft-qfpt\maps\pt-b2.prt
LoadPortals: couldn't read c:\newfolders\dktp\source-sdk-2013-master\sp\game\aft-qfpt\maps\pt-b2.prt



[Reading texlights from 'lights.rad']
[48 texlights parsed from 'lights.rad']

Loading c:\newfolders\dktp\source-sdk-2013-master\sp\game\aft-qfpt\maps\pt-b2.bsp
No vis information, direct lighting only.
44 faces
5802 square feet [835584.00 square inches]
0 Displacements
0 Square Feet [0.00 Square Inches]
0 direct lights
0...1...2...3...4...5...6...7...8...9...10Build Patch/Sample Hash Table(s).....Done<0.0002 sec>
0...1...2...3...4...5...6...7...8...9...10FinalLightFace Done
0 of 0 (0% of) surface lights went in leaf ambient cubes.
0...1...2...3...4...5...6...7...8...9...10Writing leaf ambient...done
Ready to Finish

Object names       Objects/Maxobjs  Memory / Maxmem  Fullness 
------------       ---------------  ---------------  -------- 
models                   3/1024          144/49152    ( 0.3%) 
brushes                 11/8192          132/98304    ( 0.1%) 
brushsides              66/65536         528/524288   ( 0.1%) 
planes                  78/65536        1560/1310720  ( 0.1%) 
vertexes                69/65536         828/786432   ( 0.1%) 
nodes                   45/65536        1440/2097152  ( 0.1%) 
texinfos                26/12288        1872/884736   ( 0.2%) 
texdata                  4/2048          128/65536    ( 0.2%) 
dispinfos                0/0               0/0        ( 0.0%) 
disp_verts               0/0               0/0        ( 0.0%) 
disp_tris                0/0               0/0        ( 0.0%) 
disp_lmsamples           0/0               0/0        ( 0.0%) 
faces                   44/65536        2464/3670016  ( 0.1%) 
hdr faces                0/65536           0/3670016  ( 0.0%) 
origfaces               44/65536        2464/3670016  ( 0.1%) 
leaves                  49/65536        1568/2097152  ( 0.1%) 
leaffaces               44/65536          88/131072   ( 0.1%) 
leafbrushes             13/65536          26/131072   ( 0.0%) 
areas                    2/256            16/2048     ( 0.8%) 
surfedges              372/512000       1488/2048000  ( 0.1%) 
edges                  213/256000        852/1024000  ( 0.1%) 
LDR worldlights          0/8192            0/720896   ( 0.0%) 
HDR worldlights          0/8192            0/720896   ( 0.0%) 
leafwaterdata            0/32768           0/393216   ( 0.0%) 
waterstrips              2/32768          20/327680   ( 0.0%) 
waterverts               0/65536           0/786432   ( 0.0%) 
waterindices            24/65536          48/131072   ( 0.0%) 
cubemapsamples           0/1024            0/16384    ( 0.0%) 
overlays                 0/512             0/180224   ( 0.0%) 
LDR lightdata         [variable]       25856/0        ( 0.0%) 
HDR lightdata         [variable]           0/0        ( 0.0%) 
visdata               [variable]           0/16777216 ( 0.0%) 
entdata               [variable]        1642/393216   ( 0.4%) 
LDR ambient table       49/65536         196/262144   ( 0.1%) 
HDR ambient table       49/65536         196/262144   ( 0.1%) 
LDR leaf ambient        37/65536        1036/1835008  ( 0.1%) 
HDR leaf ambient        49/65536        1372/1835008  ( 0.1%) 
occluders                0/0               0/0        ( 0.0%) 
occluder polygons        0/0               0/0        ( 0.0%) 
occluder vert ind        0/0               0/0        ( 0.0%) 
detail props          [variable]           1/12       ( 8.3%) 
static props          [variable]           1/12       ( 8.3%) 
pakfile               [variable]      105651/0        ( 0.0%) 
physics               [variable]        4509/4194304  ( 0.1%) 
physics terrain       [variable]           2/1048576  ( 0.0%) 

Level flags = 0

Total triangle count: 108
Writing c:\newfolders\dktp\source-sdk-2013-master\sp\game\aft-qfpt\maps\pt-b2.bsp
0 seconds elapsed



materialPath: C:\Program Files (x86)\Steam\steamapps\sourcemods\AFT-QFPT\materials
Loading C:\NewFolders\Dktp\source-sdk-2013-master\sp\game\AFT-QFPT\maps\pt-b2.vmf
Could not locate 'GameData' key in c:\program files (x86)\steam\steamapps\sourcemods\aft-qfpt\gameinfo.txt
fixing up env_cubemap materials on brush sides...
0...1...2...3...4...5...6...7...8...9...10**** leaked ****
Entity func_brush (-384.00 -384.00 56.00) leaked!
Processing areas...done (0)
Building Faces...done (0)
FixTjuncs...
PruneNodes...
WriteBSP...
done (0)
Creating default LDR cubemaps for env_cubemap using skybox materials:
   skybox/sky_day01_01*.vmt
 ! Run buildcubemaps in the engine to get the correct cube maps.
Creating default HDR cubemaps for env_cubemap using skybox materials:
   skybox/sky_day01_01*.vmt
 ! Run buildcubemaps in the engine to get the correct cube maps.
Finding displacement neighbors...
Finding lightmap sample positions...
Displacement Alpha : 0...1...2...3...4...5...6...7...8...9...10
Building Physics collision data...
done (0) (4509 bytes)
Placing detail props : 0...1...2...3...4...5...6...7...8...9...10
Compacting texture/material tables...
Reduced 46 texinfos to 26
Reduced 4 texdatas to 4 (86 bytes to 86)
Writing C:\NewFolders\Dktp\source-sdk-2013-master\sp\game\AFT-QFPT\maps\pt-b2.bsp
0 seconds elapsed



8 threads
reading c:\newfolders\dktp\source-sdk-2013-master\sp\game\aft-qfpt\maps\pt-b2.bsp
reading c:\newfolders\dktp\source-sdk-2013-master\sp\game\aft-qfpt\maps\pt-b2.prt
LoadPortals: couldn't read c:\newfolders\dktp\source-sdk-2013-master\sp\game\aft-qfpt\maps\pt-b2.prt



[Reading texlights from 'lights.rad']
[48 texlights parsed from 'lights.rad']

Loading c:\newfolders\dktp\source-sdk-2013-master\sp\game\aft-qfpt\maps\pt-b2.bsp
No vis information, direct lighting only.
44 faces
5376 square feet [774144.00 square inches]
0 Displacements
0 Square Feet [0.00 Square Inches]
0 direct lights
0...1...2...3...4...5...6...7...8...9...10Build Patch/Sample Hash Table(s).....Done<0.0001 sec>
0...1...2...3...4...5...6...7...8...9...10FinalLightFace Done
0 of 0 (0% of) surface lights went in leaf ambient cubes.
0...1...2...3...4...5...6...7...8...9...10Writing leaf ambient...done
Ready to Finish

Object names       Objects/Maxobjs  Memory / Maxmem  Fullness 
------------       ---------------  ---------------  -------- 
models                   3/1024          144/49152    ( 0.3%) 
brushes                 11/8192          132/98304    ( 0.1%) 
brushsides              66/65536         528/524288   ( 0.1%) 
planes                  86/65536        1720/1310720  ( 0.1%) 
vertexes                69/65536         828/786432   ( 0.1%) 
nodes                   45/65536        1440/2097152  ( 0.1%) 
texinfos                26/12288        1872/884736   ( 0.2%) 
texdata                  4/2048          128/65536    ( 0.2%) 
dispinfos                0/0               0/0        ( 0.0%) 
disp_verts               0/0               0/0        ( 0.0%) 
disp_tris                0/0               0/0        ( 0.0%) 
disp_lmsamples           0/0               0/0        ( 0.0%) 
faces                   44/65536        2464/3670016  ( 0.1%) 
hdr faces                0/65536           0/3670016  ( 0.0%) 
origfaces               44/65536        2464/3670016  ( 0.1%) 
leaves                  49/65536        1568/2097152  ( 0.1%) 
leaffaces               44/65536          88/131072   ( 0.1%) 
leafbrushes             13/65536          26/131072   ( 0.0%) 
areas                    2/256            16/2048     ( 0.8%) 
surfedges              372/512000       1488/2048000  ( 0.1%) 
edges                  213/256000        852/1024000  ( 0.1%) 
LDR worldlights          0/8192            0/720896   ( 0.0%) 
HDR worldlights          0/8192            0/720896   ( 0.0%) 
leafwaterdata            0/32768           0/393216   ( 0.0%) 
waterstrips              2/32768          20/327680   ( 0.0%) 
waterverts               0/65536           0/786432   ( 0.0%) 
waterindices            24/65536          48/131072   ( 0.0%) 
cubemapsamples           0/1024            0/16384    ( 0.0%) 
overlays                 0/512             0/180224   ( 0.0%) 
LDR lightdata         [variable]       21504/0        ( 0.0%) 
HDR lightdata         [variable]           0/0        ( 0.0%) 
visdata               [variable]           0/16777216 ( 0.0%) 
entdata               [variable]        1659/393216   ( 0.4%) 
LDR ambient table       49/65536         196/262144   ( 0.1%) 
HDR ambient table       49/65536         196/262144   ( 0.1%) 
LDR leaf ambient        37/65536        1036/1835008  ( 0.1%) 
HDR leaf ambient        49/65536        1372/1835008  ( 0.1%) 
occluders                0/0               0/0        ( 0.0%) 
occluder polygons        0/0               0/0        ( 0.0%) 
occluder vert ind        0/0               0/0        ( 0.0%) 
detail props          [variable]           1/12       ( 8.3%) 
static props          [variable]           1/12       ( 8.3%) 
pakfile               [variable]      105651/0        ( 0.0%) 
physics               [variable]        4509/4194304  ( 0.1%) 
physics terrain       [variable]           2/1048576  ( 0.0%) 

Level flags = 0

Total triangle count: 108
Writing c:\newfolders\dktp\source-sdk-2013-master\sp\game\aft-qfpt\maps\pt-b2.bsp
0 seconds elapsed



materialPath: C:\Program Files (x86)\Steam\steamapps\sourcemods\AFT-QFPT\materials
Loading C:\NewFolders\Dktp\source-sdk-2013-master\sp\game\AFT-QFPT\maps\pt-b2.vmf
Could not locate 'GameData' key in c:\program files (x86)\steam\steamapps\sourcemods\aft-qfpt\gameinfo.txt
fixing up env_cubemap materials on brush sides...
Creating default LDR cubemaps for env_cubemap using skybox materials:
   skybox/sky_day01_01*.vmt
 ! Run buildcubemaps in the engine to get the correct cube maps.
Creating default HDR cubemaps for env_cubemap using skybox materials:
   skybox/sky_day01_01*.vmt
 ! Run buildcubemaps in the engine to get the correct cube maps.
Finding displacement neighbors...
Finding lightmap sample positions...
Displacement Alpha : 0...1...2...3...4...5...6...7...8...9...10
Building Physics collision data...
done (0) (4993 bytes)
Placing detail props : 0...1...2...3...4...5...6...7...8...9...10
Compacting texture/material tables...
Reduced 68 texinfos to 26
Reduced 4 texdatas to 4 (86 bytes to 86)
Writing C:\NewFolders\Dktp\source-sdk-2013-master\sp\game\AFT-QFPT\maps\pt-b2.bsp
0 seconds elapsed



8 threads
reading c:\newfolders\dktp\source-sdk-2013-master\sp\game\aft-qfpt\maps\pt-b2.bsp
reading c:\newfolders\dktp\source-sdk-2013-master\sp\game\aft-qfpt\maps\pt-b2.prt
LoadPortals: couldn't read c:\newfolders\dktp\source-sdk-2013-master\sp\game\aft-qfpt\maps\pt-b2.prt



[Reading texlights from 'lights.rad']
[48 texlights parsed from 'lights.rad']

Loading c:\newfolders\dktp\source-sdk-2013-master\sp\game\aft-qfpt\maps\pt-b2.bsp
No vis information, direct lighting only.
44 faces
5802 square feet [835584.00 square inches]
0 Displacements
0 Square Feet [0.00 Square Inches]
0 direct lights
0...1...2...3...4...5...6...7...8...9...10Build Patch/Sample Hash Table(s).....Done<0.0001 sec>
0...1...2...3...4...5...6...7...8...9...10FinalLightFace Done
0 of 0 (0% of) surface lights went in leaf ambient cubes.
0...1...2...3...4...5...6...7...8...9...10Writing leaf ambient...done
Ready to Finish

Object names       Objects/Maxobjs  Memory / Maxmem  Fullness 
------------       ---------------  ---------------  -------- 
models                   2/1024           96/49152    ( 0.2%) 
brushes                 11/8192          132/98304    ( 0.1%) 
brushsides              66/65536         528/524288   ( 0.1%) 
planes                  82/65536        1640/1310720  ( 0.1%) 
vertexes                65/65536         780/786432   ( 0.1%) 
nodes                   38/65536        1216/2097152  ( 0.1%) 
texinfos                26/12288        1872/884736   ( 0.2%) 
texdata                  4/2048          128/65536    ( 0.2%) 
dispinfos                0/0               0/0        ( 0.0%) 
disp_verts               0/0               0/0        ( 0.0%) 
disp_tris                0/0               0/0        ( 0.0%) 
disp_lmsamples           0/0               0/0        ( 0.0%) 
faces                   44/65536        2464/3670016  ( 0.1%) 
hdr faces                0/65536           0/3670016  ( 0.0%) 
origfaces               44/65536        2464/3670016  ( 0.1%) 
leaves                  41/65536        1312/2097152  ( 0.1%) 
leaffaces               46/65536          92/131072   ( 0.1%) 
leafbrushes             13/65536          26/131072   ( 0.0%) 
areas                    1/256             8/2048     ( 0.4%) 
surfedges              372/512000       1488/2048000  ( 0.1%) 
edges                  212/256000        848/1024000  ( 0.1%) 
LDR worldlights          0/8192            0/720896   ( 0.0%) 
HDR worldlights          0/8192            0/720896   ( 0.0%) 
leafwaterdata            0/32768           0/393216   ( 0.0%) 
waterstrips              0/32768           0/327680   ( 0.0%) 
waterverts               0/65536           0/786432   ( 0.0%) 
waterindices             0/65536           0/131072   ( 0.0%) 
cubemapsamples           0/1024            0/16384    ( 0.0%) 
overlays                 0/512             0/180224   ( 0.0%) 
LDR lightdata         [variable]       25856/0        ( 0.0%) 
HDR lightdata         [variable]           0/0        ( 0.0%) 
visdata               [variable]           0/16777216 ( 0.0%) 
entdata               [variable]        1652/393216   ( 0.4%) 
LDR ambient table       41/65536         164/262144   ( 0.1%) 
HDR ambient table       41/65536         164/262144   ( 0.1%) 
LDR leaf ambient        27/65536         756/1835008  ( 0.0%) 
HDR leaf ambient        41/65536        1148/1835008  ( 0.1%) 
occluders                0/0               0/0        ( 0.0%) 
occluder polygons        0/0               0/0        ( 0.0%) 
occluder vert ind        0/0               0/0        ( 0.0%) 
detail props          [variable]           1/12       ( 8.3%) 
static props          [variable]           1/12       ( 8.3%) 
pakfile               [variable]      105651/0        ( 0.0%) 
physics               [variable]        4993/4194304  ( 0.1%) 
physics terrain       [variable]           2/1048576  ( 0.0%) 

Level flags = 0

Total triangle count: 108
Writing c:\newfolders\dktp\source-sdk-2013-master\sp\game\aft-qfpt\maps\pt-b2.bsp
0 seconds elapsed
