


materialPath: C:\Program Files (x86)\Steam\steamapps\sourcemods\AFT-QFPT\materials
Loading C:\NewFolders\Dktp\source-sdk-2013-master\sp\game\mod_episodic\maps\pt-b1.vmf
Could not locate 'GameData' key in c:\program files (x86)\steam\steamapps\sourcemods\aft-qfpt\gameinfo.txt
fixing up env_cubemap materials on brush sides...
0...1...2...3...4...5...6...7...8...9...100...1...2...3...4...5...6...7...8...9...10Processing areas...done (0)
Building Faces...done (0)
FixTjuncs...
PruneNodes...
WriteBSP...
done (0)
writing C:\NewFolders\Dktp\source-sdk-2013-master\sp\game\mod_episodic\maps\pt-b1.prt...Building visibility clusters...
done (0)
Creating default LDR cubemaps for env_cubemap using skybox materials:
   skybox/sky_borealis01*.vmt
 ! Run buildcubemaps in the engine to get the correct cube maps.
Creating default HDR cubemaps for env_cubemap using skybox materials:
   skybox/sky_borealis01*.vmt
 ! Run buildcubemaps in the engine to get the correct cube maps.
Finding displacement neighbors...
Finding lightmap sample positions...
Displacement Alpha : 0...1...2...3...4...5...6...7...8...9...10
Building Physics collision data...
done (0) (4830 bytes)
Placing detail props : 0...1...2...3...4...5...6...7...8...9...10
Compacting texture/material tables...
Reduced 58 texinfos to 53
Reduced 2 texdatas to 2 (27 bytes to 27)
Writing C:\NewFolders\Dktp\source-sdk-2013-master\sp\game\mod_episodic\maps\pt-b1.bsp
0 seconds elapsed



8 threads
reading c:\newfolders\dktp\source-sdk-2013-master\sp\game\mod_episodic\maps\pt-b1.bsp
reading c:\newfolders\dktp\source-sdk-2013-master\sp\game\mod_episodic\maps\pt-b1.prt
  85 portalclusters
 236 numportals
0...1...2...3...4...5...6...7...8...9...100...1...2...3...4...5...6...7...8...9...10Optimized: 0 visible clusters (0.00%)
Total clusters visible: 6638
Average clusters visible: 78
Building PAS...
Average clusters audible: 85
visdatasize:2555  compressed from 2720
writing c:\newfolders\dktp\source-sdk-2013-master\sp\game\mod_episodic\maps\pt-b1.bsp
0 seconds elapsed



[Reading texlights from 'lights.rad']
[48 texlights parsed from 'lights.rad']

Loading c:\newfolders\dktp\source-sdk-2013-master\sp\game\mod_episodic\maps\pt-b1.bsp
155 faces
761821 square feet [109702296.00 square inches]
0 Displacements
0 Square Feet [0.00 Square Inches]
155 patches before subdivision
321 patches after subdivision
0 direct lights
0...1...2...3...4...5...6...7...8...9...100...1...2...3...4...5...6...7...8...9...10transfers 3494, max 35
transfer lists:   0.0 megs
0...1...2...3...4...5...6...7...8...9...10	Bounce #1 added RGB(0, 0, 0)
Build Patch/Sample Hash Table(s).....Done<0.0001 sec>
0...1...2...3...4...5...6...7...8...9...10FinalLightFace Done
0 of 0 (0% of) surface lights went in leaf ambient cubes.
0...1...2...3...4...5...6...7...8...9...10Writing leaf ambient...done
Ready to Finish

Object names       Objects/Maxobjs  Memory / Maxmem  Fullness 
------------       ---------------  ---------------  -------- 
models                   1/1024           48/49152    ( 0.1%) 
brushes                 10/8192          120/98304    ( 0.1%) 
brushsides             119/65536         952/524288   ( 0.2%) 
planes                 196/65536        3920/1310720  ( 0.3%) 
vertexes               168/65536        2016/786432   ( 0.3%) 
nodes                  203/65536        6496/2097152  ( 0.3%) 
texinfos                53/12288        3816/884736   ( 0.4%) 
texdata                  2/2048           64/65536    ( 0.1%) 
dispinfos                0/0               0/0        ( 0.0%) 
disp_verts               0/0               0/0        ( 0.0%) 
disp_tris                0/0               0/0        ( 0.0%) 
disp_lmsamples           0/0               0/0        ( 0.0%) 
faces                  155/65536        8680/3670016  ( 0.2%) 
hdr faces                0/65536           0/3670016  ( 0.0%) 
origfaces               58/65536        3248/3670016  ( 0.1%) 
leaves                 205/65536        6560/2097152  ( 0.3%) 
leaffaces              162/65536         324/131072   ( 0.2%) 
leafbrushes            103/65536         206/131072   ( 0.2%) 
areas                    2/256            16/2048     ( 0.8%) 
surfedges              808/512000       3232/2048000  ( 0.2%) 
edges                  417/256000       1668/1024000  ( 0.2%) 
LDR worldlights          0/8192            0/720896   ( 0.0%) 
HDR worldlights          0/8192            0/720896   ( 0.0%) 
leafwaterdata            0/32768           0/393216   ( 0.0%) 
waterstrips              0/32768           0/327680   ( 0.0%) 
waterverts               0/65536           0/786432   ( 0.0%) 
waterindices             0/65536           0/131072   ( 0.0%) 
cubemapsamples           0/1024            0/16384    ( 0.0%) 
overlays                 0/512             0/180224   ( 0.0%) 
LDR lightdata         [variable]        7156/0        ( 0.0%) 
HDR lightdata         [variable]           0/0        ( 0.0%) 
visdata               [variable]        2555/16777216 ( 0.0%) 
entdata               [variable]         355/393216   ( 0.1%) 
LDR ambient table      205/65536         820/262144   ( 0.3%) 
HDR ambient table      205/65536         820/262144   ( 0.3%) 
LDR leaf ambient        85/65536        2380/1835008  ( 0.1%) 
HDR leaf ambient       205/65536        5740/1835008  ( 0.3%) 
occluders                0/0               0/0        ( 0.0%) 
occluder polygons        0/0               0/0        ( 0.0%) 
occluder vert ind        0/0               0/0        ( 0.0%) 
detail props          [variable]           1/12       ( 8.3%) 
static props          [variable]           1/12       ( 8.3%) 
pakfile               [variable]       86730/0        ( 0.0%) 
physics               [variable]        4830/4194304  ( 0.1%) 
physics terrain       [variable]           2/1048576  ( 0.0%) 

Level flags = 0

Total triangle count: 282
Writing c:\newfolders\dktp\source-sdk-2013-master\sp\game\mod_episodic\maps\pt-b1.bsp
1 second elapsed



materialPath: C:\Program Files (x86)\Steam\steamapps\sourcemods\AFT-QFPT\materials
Loading C:\NewFolders\Dktp\source-sdk-2013-master\sp\game\mod_episodic\maps\pt-b1.vmf
Could not locate 'GameData' key in c:\program files (x86)\steam\steamapps\sourcemods\aft-qfpt\gameinfo.txt
fixing up env_cubemap materials on brush sides...
0...1...2...3...4...5...6...7...8...9...100...1...2...3...4...5...6...7...8...9...10Processing areas...done (0)
Building Faces...done (0)
FixTjuncs...
PruneNodes...
WriteBSP...
done (0)
writing C:\NewFolders\Dktp\source-sdk-2013-master\sp\game\mod_episodic\maps\pt-b1.prt...Building visibility clusters...
done (0)
Creating default LDR cubemaps for env_cubemap using skybox materials:
   skybox/sky_borealis01*.vmt
 ! Run buildcubemaps in the engine to get the correct cube maps.
Creating default HDR cubemaps for env_cubemap using skybox materials:
   skybox/sky_borealis01*.vmt
 ! Run buildcubemaps in the engine to get the correct cube maps.
Finding displacement neighbors...
Finding lightmap sample positions...
Displacement Alpha : 0...1...2...3...4...5...6...7...8...9...10
Building Physics collision data...
done (0) (4830 bytes)
Placing detail props : 0...1...2...3...4...5...6...7...8...9...10
Compacting texture/material tables...
Reduced 58 texinfos to 53
Reduced 2 texdatas to 2 (27 bytes to 27)
Writing C:\NewFolders\Dktp\source-sdk-2013-master\sp\game\mod_episodic\maps\pt-b1.bsp
0 seconds elapsed



8 threads
reading c:\newfolders\dktp\source-sdk-2013-master\sp\game\mod_episodic\maps\pt-b1.bsp
reading c:\newfolders\dktp\source-sdk-2013-master\sp\game\mod_episodic\maps\pt-b1.prt
  85 portalclusters
 236 numportals
0...1...2...3...4...5...6...7...8...9...100...1...2...3...4...5...6...7...8...9...10Optimized: 0 visible clusters (0.00%)
Total clusters visible: 6638
Average clusters visible: 78
Building PAS...
Average clusters audible: 85
visdatasize:2555  compressed from 2720
writing c:\newfolders\dktp\source-sdk-2013-master\sp\game\mod_episodic\maps\pt-b1.bsp
0 seconds elapsed



[Reading texlights from 'lights.rad']
[48 texlights parsed from 'lights.rad']

Loading c:\newfolders\dktp\source-sdk-2013-master\sp\game\mod_episodic\maps\pt-b1.bsp
155 faces
761821 square feet [109702296.00 square inches]
0 Displacements
0 Square Feet [0.00 Square Inches]
155 patches before subdivision
321 patches after subdivision
0 direct lights
0...1...2...3...4...5...6...7...8...9...100...1...2...3...4...5...6...7...8...9...10transfers 3494, max 35
transfer lists:   0.0 megs
0...1...2...3...4...5...6...7...8...9...10	Bounce #1 added RGB(0, 0, 0)
Build Patch/Sample Hash Table(s).....Done<0.0001 sec>
0...1...2...3...4...5...6...7...8...9...10FinalLightFace Done
0 of 0 (0% of) surface lights went in leaf ambient cubes.
0...1...2...3...4...5...6...7...8...9...10Writing leaf ambient...done
Ready to Finish

Object names       Objects/Maxobjs  Memory / Maxmem  Fullness 
------------       ---------------  ---------------  -------- 
models                   1/1024           48/49152    ( 0.1%) 
brushes                 10/8192          120/98304    ( 0.1%) 
brushsides             119/65536         952/524288   ( 0.2%) 
planes                 196/65536        3920/1310720  ( 0.3%) 
vertexes               168/65536        2016/786432   ( 0.3%) 
nodes                  203/65536        6496/2097152  ( 0.3%) 
texinfos                53/12288        3816/884736   ( 0.4%) 
texdata                  2/2048           64/65536    ( 0.1%) 
dispinfos                0/0               0/0        ( 0.0%) 
disp_verts               0/0               0/0        ( 0.0%) 
disp_tris                0/0               0/0        ( 0.0%) 
disp_lmsamples           0/0               0/0        ( 0.0%) 
faces                  155/65536        8680/3670016  ( 0.2%) 
hdr faces                0/65536           0/3670016  ( 0.0%) 
origfaces               58/65536        3248/3670016  ( 0.1%) 
leaves                 205/65536        6560/2097152  ( 0.3%) 
leaffaces              162/65536         324/131072   ( 0.2%) 
leafbrushes            103/65536         206/131072   ( 0.2%) 
areas                    2/256            16/2048     ( 0.8%) 
surfedges              808/512000       3232/2048000  ( 0.2%) 
edges                  417/256000       1668/1024000  ( 0.2%) 
LDR worldlights          0/8192            0/720896   ( 0.0%) 
HDR worldlights          0/8192            0/720896   ( 0.0%) 
leafwaterdata            0/32768           0/393216   ( 0.0%) 
waterstrips              0/32768           0/327680   ( 0.0%) 
waterverts               0/65536           0/786432   ( 0.0%) 
waterindices             0/65536           0/131072   ( 0.0%) 
cubemapsamples           0/1024            0/16384    ( 0.0%) 
overlays                 0/512             0/180224   ( 0.0%) 
LDR lightdata         [variable]        7156/0        ( 0.0%) 
HDR lightdata         [variable]           0/0        ( 0.0%) 
visdata               [variable]        2555/16777216 ( 0.0%) 
entdata               [variable]         355/393216   ( 0.1%) 
LDR ambient table      205/65536         820/262144   ( 0.3%) 
HDR ambient table      205/65536         820/262144   ( 0.3%) 
LDR leaf ambient        85/65536        2380/1835008  ( 0.1%) 
HDR leaf ambient       205/65536        5740/1835008  ( 0.3%) 
occluders                0/0               0/0        ( 0.0%) 
occluder polygons        0/0               0/0        ( 0.0%) 
occluder vert ind        0/0               0/0        ( 0.0%) 
detail props          [variable]           1/12       ( 8.3%) 
static props          [variable]           1/12       ( 8.3%) 
pakfile               [variable]       86730/0        ( 0.0%) 
physics               [variable]        4830/4194304  ( 0.1%) 
physics terrain       [variable]           2/1048576  ( 0.0%) 

Level flags = 0

Total triangle count: 282
Writing c:\newfolders\dktp\source-sdk-2013-master\sp\game\mod_episodic\maps\pt-b1.bsp
1 second elapsed



materialPath: C:\Program Files (x86)\Steam\steamapps\sourcemods\AFT-QFPT\materials
Loading C:\NewFolders\Dktp\source-sdk-2013-master\sp\game\mod_episodic\maps\pt-b1.vmf
Could not locate 'GameData' key in c:\program files (x86)\steam\steamapps\sourcemods\aft-qfpt\gameinfo.txt
fixing up env_cubemap materials on brush sides...
0...1...2...3...4...5...6...7...8...9...100...1...2...3...4...5...6...7...8...9...10Processing areas...done (0)
Building Faces...done (0)
FixTjuncs...
PruneNodes...
WriteBSP...
done (0)
writing C:\NewFolders\Dktp\source-sdk-2013-master\sp\game\mod_episodic\maps\pt-b1.prt...Building visibility clusters...
done (0)
Creating default LDR cubemaps for env_cubemap using skybox materials:
   skybox/sky_borealis01*.vmt
 ! Run buildcubemaps in the engine to get the correct cube maps.
Creating default HDR cubemaps for env_cubemap using skybox materials:
   skybox/sky_borealis01*.vmt
 ! Run buildcubemaps in the engine to get the correct cube maps.
Finding displacement neighbors...
Finding lightmap sample positions...
Displacement Alpha : 0...1...2...3...4...5...6...7...8...9...10
Building Physics collision data...
done (0) (4830 bytes)
Placing detail props : 0...1...2...3...4...5...6...7...8...9...10
Compacting texture/material tables...
Reduced 58 texinfos to 53
Reduced 2 texdatas to 2 (27 bytes to 27)
Writing C:\NewFolders\Dktp\source-sdk-2013-master\sp\game\mod_episodic\maps\pt-b1.bsp
0 seconds elapsed



8 threads
reading c:\newfolders\dktp\source-sdk-2013-master\sp\game\mod_episodic\maps\pt-b1.bsp
reading c:\newfolders\dktp\source-sdk-2013-master\sp\game\mod_episodic\maps\pt-b1.prt
  85 portalclusters
 236 numportals
0...1...2...3...4...5...6...7...8...9...100...1...2...3...4...5...6...7...8...9...10Optimized: 0 visible clusters (0.00%)
Total clusters visible: 6638
Average clusters visible: 78
Building PAS...
Average clusters audible: 85
visdatasize:2555  compressed from 2720
writing c:\newfolders\dktp\source-sdk-2013-master\sp\game\mod_episodic\maps\pt-b1.bsp
0 seconds elapsed



[Reading texlights from 'lights.rad']
[48 texlights parsed from 'lights.rad']

Loading c:\newfolders\dktp\source-sdk-2013-master\sp\game\mod_episodic\maps\pt-b1.bsp
155 faces
761821 square feet [109702296.00 square inches]
0 Displacements
0 Square Feet [0.00 Square Inches]
155 patches before subdivision
321 patches after subdivision
0 direct lights
0...1...2...3...4...5...6...7...8...9...100...1...2...3...4...5...6...7...8...9...10transfers 3494, max 35
transfer lists:   0.0 megs
0...1...2...3...4...5...6...7...8...9...10	Bounce #1 added RGB(0, 0, 0)
Build Patch/Sample Hash Table(s).....Done<0.0010 sec>
0...1...2...3...4...5...6...7...8...9...10FinalLightFace Done
0 of 0 (0% of) surface lights went in leaf ambient cubes.
0...1...2...3...4...5...6...7...8...9...10Writing leaf ambient...done
Ready to Finish

Object names       Objects/Maxobjs  Memory / Maxmem  Fullness 
------------       ---------------  ---------------  -------- 
models                   1/1024           48/49152    ( 0.1%) 
brushes                 10/8192          120/98304    ( 0.1%) 
brushsides             119/65536         952/524288   ( 0.2%) 
planes                 196/65536        3920/1310720  ( 0.3%) 
vertexes               168/65536        2016/786432   ( 0.3%) 
nodes                  203/65536        6496/2097152  ( 0.3%) 
texinfos                53/12288        3816/884736   ( 0.4%) 
texdata                  2/2048           64/65536    ( 0.1%) 
dispinfos                0/0               0/0        ( 0.0%) 
disp_verts               0/0               0/0        ( 0.0%) 
disp_tris                0/0               0/0        ( 0.0%) 
disp_lmsamples           0/0               0/0        ( 0.0%) 
faces                  155/65536        8680/3670016  ( 0.2%) 
hdr faces                0/65536           0/3670016  ( 0.0%) 
origfaces               58/65536        3248/3670016  ( 0.1%) 
leaves                 205/65536        6560/2097152  ( 0.3%) 
leaffaces              162/65536         324/131072   ( 0.2%) 
leafbrushes            103/65536         206/131072   ( 0.2%) 
areas                    2/256            16/2048     ( 0.8%) 
surfedges              808/512000       3232/2048000  ( 0.2%) 
edges                  417/256000       1668/1024000  ( 0.2%) 
LDR worldlights          0/8192            0/720896   ( 0.0%) 
HDR worldlights          0/8192            0/720896   ( 0.0%) 
leafwaterdata            0/32768           0/393216   ( 0.0%) 
waterstrips              0/32768           0/327680   ( 0.0%) 
waterverts               0/65536           0/786432   ( 0.0%) 
waterindices             0/65536           0/131072   ( 0.0%) 
cubemapsamples           0/1024            0/16384    ( 0.0%) 
overlays                 0/512             0/180224   ( 0.0%) 
LDR lightdata         [variable]        7156/0        ( 0.0%) 
HDR lightdata         [variable]           0/0        ( 0.0%) 
visdata               [variable]        2555/16777216 ( 0.0%) 
entdata               [variable]         355/393216   ( 0.1%) 
LDR ambient table      205/65536         820/262144   ( 0.3%) 
HDR ambient table      205/65536         820/262144   ( 0.3%) 
LDR leaf ambient        85/65536        2380/1835008  ( 0.1%) 
HDR leaf ambient       205/65536        5740/1835008  ( 0.3%) 
occluders                0/0               0/0        ( 0.0%) 
occluder polygons        0/0               0/0        ( 0.0%) 
occluder vert ind        0/0               0/0        ( 0.0%) 
detail props          [variable]           1/12       ( 8.3%) 
static props          [variable]           1/12       ( 8.3%) 
pakfile               [variable]       86730/0        ( 0.0%) 
physics               [variable]        4830/4194304  ( 0.1%) 
physics terrain       [variable]           2/1048576  ( 0.0%) 

Level flags = 0

Total triangle count: 282
Writing c:\newfolders\dktp\source-sdk-2013-master\sp\game\mod_episodic\maps\pt-b1.bsp
1 second elapsed



materialPath: C:\Program Files (x86)\Steam\steamapps\sourcemods\AFT-QFPT\materials
Loading C:\NewFolders\Dktp\source-sdk-2013-master\sp\game\mod_episodic\maps\pt-b1.vmf
Could not locate 'GameData' key in c:\program files (x86)\steam\steamapps\sourcemods\aft-qfpt\gameinfo.txt
fixing up env_cubemap materials on brush sides...
0...1...2...3...4...5...6...7...8...9...100...1...2...3...4...5...6...7...8...9...10Processing areas...done (0)
Building Faces...done (0)
FixTjuncs...
PruneNodes...
WriteBSP...
done (0)
writing C:\NewFolders\Dktp\source-sdk-2013-master\sp\game\mod_episodic\maps\pt-b1.prt...Building visibility clusters...
done (0)
Creating default LDR cubemaps for env_cubemap using skybox materials:
   skybox/sky_borealis01*.vmt
 ! Run buildcubemaps in the engine to get the correct cube maps.
Creating default HDR cubemaps for env_cubemap using skybox materials:
   skybox/sky_borealis01*.vmt
 ! Run buildcubemaps in the engine to get the correct cube maps.
Finding displacement neighbors...
Finding lightmap sample positions...
Displacement Alpha : 0...1...2...3...4...5...6...7...8...9...10
Building Physics collision data...
done (0) (4752 bytes)
Placing detail props : 0...1...2...3...4...5...6...7...8...9...10
Compacting texture/material tables...
Reduced 55 texinfos to 46
Reduced 3 texdatas to 3 (46 bytes to 46)
Writing C:\NewFolders\Dktp\source-sdk-2013-master\sp\game\mod_episodic\maps\pt-b1.bsp
0 seconds elapsed



8 threads
reading c:\newfolders\dktp\source-sdk-2013-master\sp\game\mod_episodic\maps\pt-b1.bsp
reading c:\newfolders\dktp\source-sdk-2013-master\sp\game\mod_episodic\maps\pt-b1.prt
  74 portalclusters
 194 numportals
0...1...2...3...4...5...6...7...8...9...100...1...2...3...4...5...6...7...8...9...10Optimized: 0 visible clusters (0.00%)
Total clusters visible: 5227
Average clusters visible: 70
Building PAS...
Average clusters audible: 74
visdatasize:2076  compressed from 2368
writing c:\newfolders\dktp\source-sdk-2013-master\sp\game\mod_episodic\maps\pt-b1.bsp
0 seconds elapsed



[Reading texlights from 'lights.rad']
[48 texlights parsed from 'lights.rad']

Loading c:\newfolders\dktp\source-sdk-2013-master\sp\game\mod_episodic\maps\pt-b1.bsp
148 faces
761828 square feet [109703288.00 square inches]
0 Displacements
0 Square Feet [0.00 Square Inches]
148 patches before subdivision
268 patches after subdivision
0 direct lights
0...1...2...3...4...5...6...7...8...9...100...1...2...3...4...5...6...7...8...9...10transfers 2623, max 28
transfer lists:   0.0 megs
0...1...2...3...4...5...6...7...8...9...10	Bounce #1 added RGB(0, 0, 0)
Build Patch/Sample Hash Table(s).....Done<0.0003 sec>
0...1...2...3...4...5...6...7...8...9...10FinalLightFace Done
0 of 0 (0% of) surface lights went in leaf ambient cubes.
0...1...2...3...4...5...6...7...8...9...10Writing leaf ambient...done
Ready to Finish

Object names       Objects/Maxobjs  Memory / Maxmem  Fullness 
------------       ---------------  ---------------  -------- 
models                   2/1024           96/49152    ( 0.2%) 
brushes                 10/8192          120/98304    ( 0.1%) 
brushsides             102/65536         816/524288   ( 0.2%) 
planes                 184/65536        3680/1310720  ( 0.3%) 
vertexes               163/65536        1956/786432   ( 0.2%) 
nodes                  197/65536        6304/2097152  ( 0.3%) 
texinfos                46/12288        3312/884736   ( 0.4%) 
texdata                  3/2048           96/65536    ( 0.1%) 
dispinfos                0/0               0/0        ( 0.0%) 
disp_verts               0/0               0/0        ( 0.0%) 
disp_tris                0/0               0/0        ( 0.0%) 
disp_lmsamples           0/0               0/0        ( 0.0%) 
faces                  148/65536        8288/3670016  ( 0.2%) 
hdr faces                0/65536           0/3670016  ( 0.0%) 
origfaces               51/65536        2856/3670016  ( 0.1%) 
leaves                 200/65536        6400/2097152  ( 0.3%) 
leaffaces              157/65536         314/131072   ( 0.2%) 
leafbrushes            103/65536         206/131072   ( 0.2%) 
areas                    2/256            16/2048     ( 0.8%) 
surfedges              760/512000       3040/2048000  ( 0.1%) 
edges                  393/256000       1572/1024000  ( 0.2%) 
LDR worldlights          0/8192            0/720896   ( 0.0%) 
HDR worldlights          0/8192            0/720896   ( 0.0%) 
leafwaterdata            0/32768           0/393216   ( 0.0%) 
waterstrips              1/32768          10/327680   ( 0.0%) 
waterverts               0/65536           0/786432   ( 0.0%) 
waterindices             6/65536          12/131072   ( 0.0%) 
cubemapsamples           0/1024            0/16384    ( 0.0%) 
overlays                 0/512             0/180224   ( 0.0%) 
LDR lightdata         [variable]        5412/0        ( 0.0%) 
HDR lightdata         [variable]           0/0        ( 0.0%) 
visdata               [variable]        2076/16777216 ( 0.0%) 
entdata               [variable]         616/393216   ( 0.2%) 
LDR ambient table      200/65536         800/262144   ( 0.3%) 
HDR ambient table      200/65536         800/262144   ( 0.3%) 
LDR leaf ambient        80/65536        2240/1835008  ( 0.1%) 
HDR leaf ambient       200/65536        5600/1835008  ( 0.3%) 
occluders                0/0               0/0        ( 0.0%) 
occluder polygons        0/0               0/0        ( 0.0%) 
occluder vert ind        0/0               0/0        ( 0.0%) 
detail props          [variable]           1/12       ( 8.3%) 
static props          [variable]           1/12       ( 8.3%) 
pakfile               [variable]       86730/0        ( 0.0%) 
physics               [variable]        4752/4194304  ( 0.1%) 
physics terrain       [variable]           2/1048576  ( 0.0%) 

Level flags = 0

Total triangle count: 272
Writing c:\newfolders\dktp\source-sdk-2013-master\sp\game\mod_episodic\maps\pt-b1.bsp
1 second elapsed



materialPath: C:\Program Files (x86)\Steam\steamapps\sourcemods\AFT-QFPT\materials
Loading C:\NewFolders\Dktp\source-sdk-2013-master\sp\game\mod_episodic\maps\pt-b1.vmf
Could not locate 'GameData' key in c:\program files (x86)\steam\steamapps\sourcemods\aft-qfpt\gameinfo.txt
fixing up env_cubemap materials on brush sides...
0...1...2...3...4...5...6...7...8...9...100...1...2...3...4...5...6...7...8...9...10Processing areas...done (0)
Building Faces...done (0)
FixTjuncs...
PruneNodes...
WriteBSP...
done (0)
writing C:\NewFolders\Dktp\source-sdk-2013-master\sp\game\mod_episodic\maps\pt-b1.prt...Building visibility clusters...
done (0)
Creating default LDR cubemaps for env_cubemap using skybox materials:
   skybox/sky_borealis01*.vmt
 ! Run buildcubemaps in the engine to get the correct cube maps.
Creating default HDR cubemaps for env_cubemap using skybox materials:
   skybox/sky_borealis01*.vmt
 ! Run buildcubemaps in the engine to get the correct cube maps.
Finding displacement neighbors...
Finding lightmap sample positions...
Displacement Alpha : 0...1...2...3...4...5...6...7...8...9...10
Building Physics collision data...
done (0) (6016 bytes)
Placing detail props : 0...1...2...3...4...5...6...7...8...9...10
Compacting texture/material tables...
Reduced 81 texinfos to 72
Reduced 3 texdatas to 3 (46 bytes to 46)
Writing C:\NewFolders\Dktp\source-sdk-2013-master\sp\game\mod_episodic\maps\pt-b1.bsp
0 seconds elapsed



8 threads
reading c:\newfolders\dktp\source-sdk-2013-master\sp\game\mod_episodic\maps\pt-b1.bsp
reading c:\newfolders\dktp\source-sdk-2013-master\sp\game\mod_episodic\maps\pt-b1.prt
 102 portalclusters
 301 numportals
0...1...2...3...4...5...6...7...8...9...100...1...2...3...4...5...6...7...8...9...10Optimized: 0 visible clusters (0.00%)
Total clusters visible: 9635
Average clusters visible: 94
Building PAS...
Average clusters audible: 102
visdatasize:3472  compressed from 3264
writing c:\newfolders\dktp\source-sdk-2013-master\sp\game\mod_episodic\maps\pt-b1.bsp
0 seconds elapsed



[Reading texlights from 'lights.rad']
[48 texlights parsed from 'lights.rad']

Loading c:\newfolders\dktp\source-sdk-2013-master\sp\game\mod_episodic\maps\pt-b1.bsp
180 faces
762266 square feet [109766320.00 square inches]
0 Displacements
0 Square Feet [0.00 Square Inches]
180 patches before subdivision
376 patches after subdivision
0 direct lights
0...1...2...3...4...5...6...7...8...9...100...1...2...3...4...5...6...7...8...9...10transfers 5013, max 47
transfer lists:   0.0 megs
0...1...2...3...4...5...6...7...8...9...10	Bounce #1 added RGB(0, 0, 0)
Build Patch/Sample Hash Table(s).....Done<0.0001 sec>
0...1...2...3...4...5...6...7...8...9...10FinalLightFace Done
0 of 0 (0% of) surface lights went in leaf ambient cubes.
0...1...2...3...4...5...6...7...8...9...10Writing leaf ambient...done
Ready to Finish

Object names       Objects/Maxobjs  Memory / Maxmem  Fullness 
------------       ---------------  ---------------  -------- 
models                   2/1024           96/49152    ( 0.2%) 
brushes                 12/8192          144/98304    ( 0.1%) 
brushsides             147/65536        1176/524288   ( 0.2%) 
planes                 262/65536        5240/1310720  ( 0.4%) 
vertexes               195/65536        2340/786432   ( 0.3%) 
nodes                  228/65536        7296/2097152  ( 0.3%) 
texinfos                72/12288        5184/884736   ( 0.6%) 
texdata                  3/2048           96/65536    ( 0.1%) 
dispinfos                0/0               0/0        ( 0.0%) 
disp_verts               0/0               0/0        ( 0.0%) 
disp_tris                0/0               0/0        ( 0.0%) 
disp_lmsamples           0/0               0/0        ( 0.0%) 
faces                  180/65536       10080/3670016  ( 0.3%) 
hdr faces                0/65536           0/3670016  ( 0.0%) 
origfaces               77/65536        4312/3670016  ( 0.1%) 
leaves                 231/65536        7392/2097152  ( 0.4%) 
leaffaces              196/65536         392/131072   ( 0.3%) 
leafbrushes            106/65536         212/131072   ( 0.2%) 
areas                    2/256            16/2048     ( 0.8%) 
surfedges              978/512000       3912/2048000  ( 0.2%) 
edges                  502/256000       2008/1024000  ( 0.2%) 
LDR worldlights          0/8192            0/720896   ( 0.0%) 
HDR worldlights          0/8192            0/720896   ( 0.0%) 
leafwaterdata            0/32768           0/393216   ( 0.0%) 
waterstrips              0/32768           0/327680   ( 0.0%) 
waterverts               0/65536           0/786432   ( 0.0%) 
waterindices             0/65536           0/131072   ( 0.0%) 
cubemapsamples           0/1024            0/16384    ( 0.0%) 
overlays                 0/512             0/180224   ( 0.0%) 
LDR lightdata         [variable]        9000/0        ( 0.0%) 
HDR lightdata         [variable]           0/0        ( 0.0%) 
visdata               [variable]        3472/16777216 ( 0.0%) 
entdata               [variable]        1230/393216   ( 0.3%) 
LDR ambient table      231/65536         924/262144   ( 0.4%) 
HDR ambient table      231/65536         924/262144   ( 0.4%) 
LDR leaf ambient       108/65536        3024/1835008  ( 0.2%) 
HDR leaf ambient       231/65536        6468/1835008  ( 0.4%) 
occluders                0/0               0/0        ( 0.0%) 
occluder polygons        0/0               0/0        ( 0.0%) 
occluder vert ind        0/0               0/0        ( 0.0%) 
detail props          [variable]           1/12       ( 8.3%) 
static props          [variable]           1/12       ( 8.3%) 
pakfile               [variable]       86730/0        ( 0.0%) 
physics               [variable]        6016/4194304  ( 0.1%) 
physics terrain       [variable]           2/1048576  ( 0.0%) 

Level flags = 0

Total triangle count: 328
Writing c:\newfolders\dktp\source-sdk-2013-master\sp\game\mod_episodic\maps\pt-b1.bsp
1 second elapsed



materialPath: C:\Program Files (x86)\Steam\steamapps\sourcemods\AFT-QFPT\materials
Loading C:\NewFolders\Dktp\source-sdk-2013-master\sp\game\mod_episodic\maps\pt-b1.vmf
Could not locate 'GameData' key in c:\program files (x86)\steam\steamapps\sourcemods\aft-qfpt\gameinfo.txt
fixing up env_cubemap materials on brush sides...
0...1...2...3...4...5...6...7...8...9...10**** leaked ****
Entity prop_dynamic_override (-12.00 -40.00 116.00) leaked!

FindPortalSide: Couldn't find a good match for which brush to assign to a portal near (3584.0 4096.0 0.0)
Leaf 0 contents: 
Leaf 1 contents: CONTENTS_SOLID 
viscontents (node 0 contents ^ node 1 contents): CONTENTS_SOLID 
This means that none of the brushes in leaf 0 or 1 that touches the portal has CONTENTS_SOLID 
Check for a huge brush enclosing the coordinates above that has contents CONTENTS_SOLID 
Candidate brush IDs: 


FindPortalSide: Couldn't find a good match for which brush to assign to a portal near (4096.0 3584.0 0.0)
Leaf 0 contents: 
Leaf 1 contents: CONTENTS_SOLID 
viscontents (node 0 contents ^ node 1 contents): CONTENTS_SOLID 
This means that none of the brushes in leaf 0 or 1 that touches the portal has CONTENTS_SOLID 
Check for a huge brush enclosing the coordinates above that has contents CONTENTS_SOLID 
Candidate brush IDs: 


FindPortalSide: Couldn't find a good match for which brush to assign to a portal near (2560.0 3072.0 -1288.0)
Leaf 0 contents: CONTENTS_SOLID 
Leaf 1 contents: 
viscontents (node 0 contents ^ node 1 contents): CONTENTS_SOLID 
This means that none of the brushes in leaf 0 or 1 that touches the portal has CONTENTS_SOLID 
Check for a huge brush enclosing the coordinates above that has contents CONTENTS_SOLID 
Candidate brush IDs: 


FindPortalSide: Couldn't find a good match for which brush to assign to a portal near (2560.0 3072.0 1288.0)
Leaf 0 contents: CONTENTS_SOLID 
Leaf 1 contents: 
viscontents (node 0 contents ^ node 1 contents): CONTENTS_SOLID 
This means that none of the brushes in leaf 0 or 1 that touches the portal has CONTENTS_SOLID 
Check for a huge brush enclosing the coordinates above that has contents CONTENTS_SOLID 
Candidate brush IDs: 


FindPortalSide: Couldn't find a good match for which brush to assign to a portal near (2560.0 4096.0 0.0)
Leaf 0 contents: 
Leaf 1 contents: CONTENTS_SOLID 
viscontents (node 0 contents ^ node 1 contents): CONTENTS_SOLID 
This means that none of the brushes in leaf 0 or 1 that touches the portal has CONTENTS_SOLID 
Check for a huge brush enclosing the coordinates above that has contents CONTENTS_SOLID 
Candidate brush IDs: 


FindPortalSide: Couldn't find a good match for which brush to assign to a portal near (1536.0 3072.0 -1288.0)
Leaf 0 contents: CONTENTS_SOLID 
Leaf 1 contents: 
viscontents (node 0 contents ^ node 1 contents): CONTENTS_SOLID 
This means that none of the brushes in leaf 0 or 1 that touches the portal has CONTENTS_SOLID 
Check for a huge brush enclosing the coordinates above that has contents CONTENTS_SOLID 
Candidate brush IDs: 


FindPortalSide: Couldn't find a good match for which brush to assign to a portal near (1536.0 3072.0 1288.0)
Leaf 0 contents: CONTENTS_SOLID 
Leaf 1 contents: 
viscontents (node 0 contents ^ node 1 contents): CONTENTS_SOLID 
This means that none of the brushes in leaf 0 or 1 that touches the portal has CONTENTS_SOLID 
Check for a huge brush enclosing the coordinates above that has contents CONTENTS_SOLID 
Candidate brush IDs: 


FindPortalSide: Couldn't find a good match for which brush to assign to a portal near (1536.0 4096.0 0.0)
Leaf 0 contents: 
Leaf 1 contents: CONTENTS_SOLID 
viscontents (node 0 contents ^ node 1 contents): CONTENTS_SOLID 
This means that none of the brushes in leaf 0 or 1 that touches the portal has CONTENTS_SOLID 
Check for a huge brush enclosing the coordinates above that has contents CONTENTS_SOLID 
Candidate brush IDs: 

*** Suppressing further FindPortalSide errors.... ***
Processing areas...done (0)
Building Faces...done (0)
FixTjuncs...
PruneNodes...
WriteBSP...
done (0)
Creating default LDR cubemaps for env_cubemap using skybox materials:
   skybox/sky_borealis01*.vmt
 ! Run buildcubemaps in the engine to get the correct cube maps.
Creating default HDR cubemaps for env_cubemap using skybox materials:
   skybox/sky_borealis01*.vmt
 ! Run buildcubemaps in the engine to get the correct cube maps.
Finding displacement neighbors...
Finding lightmap sample positions...
Displacement Alpha : 0...1...2...3...4...5...6...7...8...9...10
Building Physics collision data...
done (0) (7910 bytes)
Placing detail props : 0...1...2...3...4...5...6...7...8...9...10
Compacting texture/material tables...
Reduced 105 texinfos to 94
Reduced 3 texdatas to 3 (46 bytes to 46)
Writing C:\NewFolders\Dktp\source-sdk-2013-master\sp\game\mod_episodic\maps\pt-b1.bsp
0 seconds elapsed



8 threads
reading c:\newfolders\dktp\source-sdk-2013-master\sp\game\mod_episodic\maps\pt-b1.bsp
reading c:\newfolders\dktp\source-sdk-2013-master\sp\game\mod_episodic\maps\pt-b1.prt
LoadPortals: couldn't read c:\newfolders\dktp\source-sdk-2013-master\sp\game\mod_episodic\maps\pt-b1.prt



[Reading texlights from 'lights.rad']
[48 texlights parsed from 'lights.rad']

Loading c:\newfolders\dktp\source-sdk-2013-master\sp\game\mod_episodic\maps\pt-b1.bsp
No vis information, direct lighting only.
314 faces
1549896 square feet [223185072.00 square inches]
0 Displacements
0 Square Feet [0.00 Square Inches]
0 direct lights
0...1...2...3...4...5...6...7...8...9...10Build Patch/Sample Hash Table(s).....Done<0.0002 sec>
0...1...2...3...4...5...6...7...8...9...10FinalLightFace Done
0 of 0 (0% of) surface lights went in leaf ambient cubes.
0...1...2...3...4...5...6...7...8...9...10Writing leaf ambient...done
Ready to Finish

Object names       Objects/Maxobjs  Memory / Maxmem  Fullness 
------------       ---------------  ---------------  -------- 
models                   4/1024          192/49152    ( 0.4%) 
brushes                 16/8192          192/98304    ( 0.2%) 
brushsides             171/65536        1368/524288   ( 0.3%) 
planes                 296/65536        5920/1310720  ( 0.5%) 
vertexes               355/65536        4260/786432   ( 0.5%) 
nodes                  364/65536       11648/2097152  ( 0.6%) 
texinfos                94/12288        6768/884736   ( 0.8%) 
texdata                  3/2048           96/65536    ( 0.1%) 
dispinfos                0/0               0/0        ( 0.0%) 
disp_verts               0/0               0/0        ( 0.0%) 
disp_tris                0/0               0/0        ( 0.0%) 
disp_lmsamples           0/0               0/0        ( 0.0%) 
faces                  314/65536       17584/3670016  ( 0.5%) 
hdr faces                0/65536           0/3670016  ( 0.0%) 
origfaces              113/65536        6328/3670016  ( 0.2%) 
leaves                 369/65536       11808/2097152  ( 0.6%) 
leaffaces              341/65536         682/131072   ( 0.5%) 
leafbrushes            113/65536         226/131072   ( 0.2%) 
areas                    2/256            16/2048     ( 0.8%) 
surfedges             1688/512000       6752/2048000  ( 0.3%) 
edges                  874/256000       3496/1024000  ( 0.3%) 
LDR worldlights          0/8192            0/720896   ( 0.0%) 
HDR worldlights          0/8192            0/720896   ( 0.0%) 
leafwaterdata            0/32768           0/393216   ( 0.0%) 
waterstrips              4/32768          40/327680   ( 0.0%) 
waterverts               0/65536           0/786432   ( 0.0%) 
waterindices            51/65536         102/131072   ( 0.1%) 
cubemapsamples           0/1024            0/16384    ( 0.0%) 
overlays                 0/512             0/180224   ( 0.0%) 
LDR lightdata         [variable]       20096/0        ( 0.0%) 
HDR lightdata         [variable]           0/0        ( 0.0%) 
visdata               [variable]           0/16777216 ( 0.0%) 
entdata               [variable]        1569/393216   ( 0.4%) 
LDR ambient table      369/65536        1476/262144   ( 0.6%) 
HDR ambient table      369/65536        1476/262144   ( 0.6%) 
LDR leaf ambient       245/65536        6860/1835008  ( 0.4%) 
HDR leaf ambient       369/65536       10332/1835008  ( 0.6%) 
occluders                0/0               0/0        ( 0.0%) 
occluder polygons        0/0               0/0        ( 0.0%) 
occluder vert ind        0/0               0/0        ( 0.0%) 
detail props          [variable]           1/12       ( 8.3%) 
static props          [variable]           1/12       ( 8.3%) 
pakfile               [variable]       86730/0        ( 0.0%) 
physics               [variable]        7910/4194304  ( 0.2%) 
physics terrain       [variable]           2/1048576  ( 0.0%) 

Level flags = 0

Total triangle count: 626
Writing c:\newfolders\dktp\source-sdk-2013-master\sp\game\mod_episodic\maps\pt-b1.bsp
4 seconds elapsed



materialPath: C:\Program Files (x86)\Steam\steamapps\sourcemods\AFT-QFPT\materials
Loading C:\NewFolders\Dktp\source-sdk-2013-master\sp\game\mod_episodic\maps\pt-b1.vmf
Could not locate 'GameData' key in c:\program files (x86)\steam\steamapps\sourcemods\aft-qfpt\gameinfo.txt
fixing up env_cubemap materials on brush sides...
0...1...2...3...4...5...6...7...8...9...10**** leaked ****
Entity prop_dynamic_override (-12.00 -40.00 116.00) leaked!

FindPortalSide: Couldn't find a good match for which brush to assign to a portal near (3584.0 4096.0 0.0)
Leaf 0 contents: 
Leaf 1 contents: CONTENTS_SOLID 
viscontents (node 0 contents ^ node 1 contents): CONTENTS_SOLID 
This means that none of the brushes in leaf 0 or 1 that touches the portal has CONTENTS_SOLID 
Check for a huge brush enclosing the coordinates above that has contents CONTENTS_SOLID 
Candidate brush IDs: 


FindPortalSide: Couldn't find a good match for which brush to assign to a portal near (4096.0 3584.0 0.0)
Leaf 0 contents: 
Leaf 1 contents: CONTENTS_SOLID 
viscontents (node 0 contents ^ node 1 contents): CONTENTS_SOLID 
This means that none of the brushes in leaf 0 or 1 that touches the portal has CONTENTS_SOLID 
Check for a huge brush enclosing the coordinates above that has contents CONTENTS_SOLID 
Candidate brush IDs: 


FindPortalSide: Couldn't find a good match for which brush to assign to a portal near (2560.0 3072.0 -1288.0)
Leaf 0 contents: CONTENTS_SOLID 
Leaf 1 contents: 
viscontents (node 0 contents ^ node 1 contents): CONTENTS_SOLID 
This means that none of the brushes in leaf 0 or 1 that touches the portal has CONTENTS_SOLID 
Check for a huge brush enclosing the coordinates above that has contents CONTENTS_SOLID 
Candidate brush IDs: 


FindPortalSide: Couldn't find a good match for which brush to assign to a portal near (2560.0 3072.0 1288.0)
Leaf 0 contents: CONTENTS_SOLID 
Leaf 1 contents: 
viscontents (node 0 contents ^ node 1 contents): CONTENTS_SOLID 
This means that none of the brushes in leaf 0 or 1 that touches the portal has CONTENTS_SOLID 
Check for a huge brush enclosing the coordinates above that has contents CONTENTS_SOLID 
Candidate brush IDs: 


FindPortalSide: Couldn't find a good match for which brush to assign to a portal near (2560.0 4096.0 0.0)
Leaf 0 contents: 
Leaf 1 contents: CONTENTS_SOLID 
viscontents (node 0 contents ^ node 1 contents): CONTENTS_SOLID 
This means that none of the brushes in leaf 0 or 1 that touches the portal has CONTENTS_SOLID 
Check for a huge brush enclosing the coordinates above that has contents CONTENTS_SOLID 
Candidate brush IDs: 


FindPortalSide: Couldn't find a good match for which brush to assign to a portal near (1536.0 3072.0 -1288.0)
Leaf 0 contents: CONTENTS_SOLID 
Leaf 1 contents: 
viscontents (node 0 contents ^ node 1 contents): CONTENTS_SOLID 
This means that none of the brushes in leaf 0 or 1 that touches the portal has CONTENTS_SOLID 
Check for a huge brush enclosing the coordinates above that has contents CONTENTS_SOLID 
Candidate brush IDs: 


FindPortalSide: Couldn't find a good match for which brush to assign to a portal near (1536.0 3072.0 1288.0)
Leaf 0 contents: CONTENTS_SOLID 
Leaf 1 contents: 
viscontents (node 0 contents ^ node 1 contents): CONTENTS_SOLID 
This means that none of the brushes in leaf 0 or 1 that touches the portal has CONTENTS_SOLID 
Check for a huge brush enclosing the coordinates above that has contents CONTENTS_SOLID 
Candidate brush IDs: 


FindPortalSide: Couldn't find a good match for which brush to assign to a portal near (1536.0 4096.0 0.0)
Leaf 0 contents: 
Leaf 1 contents: CONTENTS_SOLID 
viscontents (node 0 contents ^ node 1 contents): CONTENTS_SOLID 
This means that none of the brushes in leaf 0 or 1 that touches the portal has CONTENTS_SOLID 
Check for a huge brush enclosing the coordinates above that has contents CONTENTS_SOLID 
Candidate brush IDs: 

*** Suppressing further FindPortalSide errors.... ***
Processing areas...done (0)
Building Faces...done (0)
FixTjuncs...
PruneNodes...
WriteBSP...
done (0)
Creating default LDR cubemaps for env_cubemap using skybox materials:
   skybox/sky_borealis01*.vmt
 ! Run buildcubemaps in the engine to get the correct cube maps.
Creating default HDR cubemaps for env_cubemap using skybox materials:
   skybox/sky_borealis01*.vmt
 ! Run buildcubemaps in the engine to get the correct cube maps.
Finding displacement neighbors...
Finding lightmap sample positions...
Displacement Alpha : 0...1...2...3...4...5...6...7...8...9...10
Building Physics collision data...
done (0) (8281 bytes)
Placing detail props : 0...1...2...3...4...5...6...7...8...9...10
Compacting texture/material tables...
Reduced 117 texinfos to 94
Reduced 3 texdatas to 3 (46 bytes to 46)
Writing C:\NewFolders\Dktp\source-sdk-2013-master\sp\game\mod_episodic\maps\pt-b1.bsp
0 seconds elapsed



8 threads
reading c:\newfolders\dktp\source-sdk-2013-master\sp\game\mod_episodic\maps\pt-b1.bsp
reading c:\newfolders\dktp\source-sdk-2013-master\sp\game\mod_episodic\maps\pt-b1.prt
LoadPortals: couldn't read c:\newfolders\dktp\source-sdk-2013-master\sp\game\mod_episodic\maps\pt-b1.prt



[Reading texlights from 'lights.rad']
[48 texlights parsed from 'lights.rad']

Loading c:\newfolders\dktp\source-sdk-2013-master\sp\game\mod_episodic\maps\pt-b1.bsp
No vis information, direct lighting only.
309 faces
1556168 square feet [224088240.00 square inches]
0 Displacements
0 Square Feet [0.00 Square Inches]
0 direct lights
0...1...2...3...4...5...6...7...8...9...10Build Patch/Sample Hash Table(s).....Done<0.0001 sec>
0...1...2...3...4...5...6...7...8...9...10FinalLightFace Done
0 of 0 (0% of) surface lights went in leaf ambient cubes.
0...1...2...3...4...5...6...7...8...9...10Writing leaf ambient...done
Ready to Finish

Object names       Objects/Maxobjs  Memory / Maxmem  Fullness 
------------       ---------------  ---------------  -------- 
models                   5/1024          240/49152    ( 0.5%) 
brushes                 16/8192          192/98304    ( 0.2%) 
brushsides             171/65536        1368/524288   ( 0.3%) 
planes                 298/65536        5960/1310720  ( 0.5%) 
vertexes               351/65536        4212/786432   ( 0.5%) 
nodes                  360/65536       11520/2097152  ( 0.5%) 
texinfos                94/12288        6768/884736   ( 0.8%) 
texdata                  3/2048           96/65536    ( 0.1%) 
dispinfos                0/0               0/0        ( 0.0%) 
disp_verts               0/0               0/0        ( 0.0%) 
disp_tris                0/0               0/0        ( 0.0%) 
disp_lmsamples           0/0               0/0        ( 0.0%) 
faces                  309/65536       17304/3670016  ( 0.5%) 
hdr faces                0/65536           0/3670016  ( 0.0%) 
origfaces              112/65536        6272/3670016  ( 0.2%) 
leaves                 366/65536       11712/2097152  ( 0.6%) 
leaffaces              330/65536         660/131072   ( 0.5%) 
leafbrushes            111/65536         222/131072   ( 0.2%) 
areas                    2/256            16/2048     ( 0.8%) 
surfedges             1662/512000       6648/2048000  ( 0.3%) 
edges                  863/256000       3452/1024000  ( 0.3%) 
LDR worldlights          0/8192            0/720896   ( 0.0%) 
HDR worldlights          0/8192            0/720896   ( 0.0%) 
leafwaterdata            0/32768           0/393216   ( 0.0%) 
waterstrips              4/32768          40/327680   ( 0.0%) 
waterverts               0/65536           0/786432   ( 0.0%) 
waterindices            51/65536         102/131072   ( 0.1%) 
cubemapsamples           0/1024            0/16384    ( 0.0%) 
overlays                 0/512             0/180224   ( 0.0%) 
LDR lightdata         [variable]       19760/0        ( 0.0%) 
HDR lightdata         [variable]           0/0        ( 0.0%) 
visdata               [variable]           0/16777216 ( 0.0%) 
entdata               [variable]        2041/393216   ( 0.5%) 
LDR ambient table      366/65536        1464/262144   ( 0.6%) 
HDR ambient table      366/65536        1464/262144   ( 0.6%) 
LDR leaf ambient       244/65536        6832/1835008  ( 0.4%) 
HDR leaf ambient       366/65536       10248/1835008  ( 0.6%) 
occluders                0/0               0/0        ( 0.0%) 
occluder polygons        0/0               0/0        ( 0.0%) 
occluder vert ind        0/0               0/0        ( 0.0%) 
detail props          [variable]           1/12       ( 8.3%) 
static props          [variable]           1/12       ( 8.3%) 
pakfile               [variable]       86730/0        ( 0.0%) 
physics               [variable]        8281/4194304  ( 0.2%) 
physics terrain       [variable]           2/1048576  ( 0.0%) 

Level flags = 0

Total triangle count: 614
Writing c:\newfolders\dktp\source-sdk-2013-master\sp\game\mod_episodic\maps\pt-b1.bsp
4 seconds elapsed



materialPath: C:\Program Files (x86)\Steam\steamapps\sourcemods\AFT-QFPT\materials
Loading C:\NewFolders\Dktp\source-sdk-2013-master\sp\game\mod_episodic\maps\pt-b1.vmf
Could not locate 'GameData' key in c:\program files (x86)\steam\steamapps\sourcemods\aft-qfpt\gameinfo.txt
fixing up env_cubemap materials on brush sides...
0...1...2...3...4...5...6...7...8...9...10**** leaked ****
Entity prop_dynamic_override (-12.00 -40.00 116.00) leaked!

FindPortalSide: Couldn't find a good match for which brush to assign to a portal near (3584.0 4096.0 0.0)
Leaf 0 contents: 
Leaf 1 contents: CONTENTS_SOLID 
viscontents (node 0 contents ^ node 1 contents): CONTENTS_SOLID 
This means that none of the brushes in leaf 0 or 1 that touches the portal has CONTENTS_SOLID 
Check for a huge brush enclosing the coordinates above that has contents CONTENTS_SOLID 
Candidate brush IDs: 


FindPortalSide: Couldn't find a good match for which brush to assign to a portal near (4096.0 3584.0 0.0)
Leaf 0 contents: 
Leaf 1 contents: CONTENTS_SOLID 
viscontents (node 0 contents ^ node 1 contents): CONTENTS_SOLID 
This means that none of the brushes in leaf 0 or 1 that touches the portal has CONTENTS_SOLID 
Check for a huge brush enclosing the coordinates above that has contents CONTENTS_SOLID 
Candidate brush IDs: 


FindPortalSide: Couldn't find a good match for which brush to assign to a portal near (2560.0 3072.0 -1288.0)
Leaf 0 contents: CONTENTS_SOLID 
Leaf 1 contents: 
viscontents (node 0 contents ^ node 1 contents): CONTENTS_SOLID 
This means that none of the brushes in leaf 0 or 1 that touches the portal has CONTENTS_SOLID 
Check for a huge brush enclosing the coordinates above that has contents CONTENTS_SOLID 
Candidate brush IDs: 


FindPortalSide: Couldn't find a good match for which brush to assign to a portal near (2560.0 3072.0 1288.0)
Leaf 0 contents: CONTENTS_SOLID 
Leaf 1 contents: 
viscontents (node 0 contents ^ node 1 contents): CONTENTS_SOLID 
This means that none of the brushes in leaf 0 or 1 that touches the portal has CONTENTS_SOLID 
Check for a huge brush enclosing the coordinates above that has contents CONTENTS_SOLID 
Candidate brush IDs: 


FindPortalSide: Couldn't find a good match for which brush to assign to a portal near (2560.0 4096.0 0.0)
Leaf 0 contents: 
Leaf 1 contents: CONTENTS_SOLID 
viscontents (node 0 contents ^ node 1 contents): CONTENTS_SOLID 
This means that none of the brushes in leaf 0 or 1 that touches the portal has CONTENTS_SOLID 
Check for a huge brush enclosing the coordinates above that has contents CONTENTS_SOLID 
Candidate brush IDs: 


FindPortalSide: Couldn't find a good match for which brush to assign to a portal near (1536.0 3072.0 -1288.0)
Leaf 0 contents: CONTENTS_SOLID 
Leaf 1 contents: 
viscontents (node 0 contents ^ node 1 contents): CONTENTS_SOLID 
This means that none of the brushes in leaf 0 or 1 that touches the portal has CONTENTS_SOLID 
Check for a huge brush enclosing the coordinates above that has contents CONTENTS_SOLID 
Candidate brush IDs: 


FindPortalSide: Couldn't find a good match for which brush to assign to a portal near (1536.0 3072.0 1288.0)
Leaf 0 contents: CONTENTS_SOLID 
Leaf 1 contents: 
viscontents (node 0 contents ^ node 1 contents): CONTENTS_SOLID 
This means that none of the brushes in leaf 0 or 1 that touches the portal has CONTENTS_SOLID 
Check for a huge brush enclosing the coordinates above that has contents CONTENTS_SOLID 
Candidate brush IDs: 


FindPortalSide: Couldn't find a good match for which brush to assign to a portal near (1536.0 4096.0 0.0)
Leaf 0 contents: 
Leaf 1 contents: CONTENTS_SOLID 
viscontents (node 0 contents ^ node 1 contents): CONTENTS_SOLID 
This means that none of the brushes in leaf 0 or 1 that touches the portal has CONTENTS_SOLID 
Check for a huge brush enclosing the coordinates above that has contents CONTENTS_SOLID 
Candidate brush IDs: 

*** Suppressing further FindPortalSide errors.... ***
Processing areas...done (0)
Building Faces...done (0)
FixTjuncs...
PruneNodes...
WriteBSP...
done (0)
Creating default LDR cubemaps for env_cubemap using skybox materials:
   skybox/sky_borealis01*.vmt
 ! Run buildcubemaps in the engine to get the correct cube maps.
Creating default HDR cubemaps for env_cubemap using skybox materials:
   skybox/sky_borealis01*.vmt
 ! Run buildcubemaps in the engine to get the correct cube maps.
Finding displacement neighbors...
Finding lightmap sample positions...
Displacement Alpha : 0...1...2...3...4...5...6...7...8...9...10
Building Physics collision data...
done (0) (9952 bytes)
Placing detail props : 0...1...2...3...4...5...6...7...8...9...10
Compacting texture/material tables...
Reduced 131 texinfos to 108
Reduced 3 texdatas to 3 (46 bytes to 46)
Writing C:\NewFolders\Dktp\source-sdk-2013-master\sp\game\mod_episodic\maps\pt-b1.bsp
0 seconds elapsed



8 threads
reading c:\newfolders\dktp\source-sdk-2013-master\sp\game\mod_episodic\maps\pt-b1.bsp
reading c:\newfolders\dktp\source-sdk-2013-master\sp\game\mod_episodic\maps\pt-b1.prt
LoadPortals: couldn't read c:\newfolders\dktp\source-sdk-2013-master\sp\game\mod_episodic\maps\pt-b1.prt



[Reading texlights from 'lights.rad']
[48 texlights parsed from 'lights.rad']

Loading c:\newfolders\dktp\source-sdk-2013-master\sp\game\mod_episodic\maps\pt-b1.bsp
No vis information, direct lighting only.
327 faces
2111404 square feet [304042176.00 square inches]
0 Displacements
0 Square Feet [0.00 Square Inches]
0 direct lights
0...1...2...3...4...5...6...7...8...9...10Build Patch/Sample Hash Table(s).....Done<0.0002 sec>
0...1...2...3...4...5...6...7...8...9...10FinalLightFace Done
0 of 0 (0% of) surface lights went in leaf ambient cubes.
0...1...2...3...4...5...6...7...8...9...10Writing leaf ambient...done
Ready to Finish

Object names       Objects/Maxobjs  Memory / Maxmem  Fullness 
------------       ---------------  ---------------  -------- 
models                   8/1024          384/49152    ( 0.8%) 
brushes                 19/8192          228/98304    ( 0.2%) 
brushsides             189/65536        1512/524288   ( 0.3%) 
planes                 314/65536        6280/1310720  ( 0.5%) 
vertexes               375/65536        4500/786432   ( 0.6%) 
nodes                  378/65536       12096/2097152  ( 0.6%) 
texinfos               108/12288        7776/884736   ( 0.9%) 
texdata                  3/2048           96/65536    ( 0.1%) 
dispinfos                0/0               0/0        ( 0.0%) 
disp_verts               0/0               0/0        ( 0.0%) 
disp_tris                0/0               0/0        ( 0.0%) 
disp_lmsamples           0/0               0/0        ( 0.0%) 
faces                  327/65536       18312/3670016  ( 0.5%) 
hdr faces                0/65536           0/3670016  ( 0.0%) 
origfaces              130/65536        7280/3670016  ( 0.2%) 
leaves                 387/65536       12384/2097152  ( 0.6%) 
leaffaces              348/65536         696/131072   ( 0.5%) 
leafbrushes            114/65536         228/131072   ( 0.2%) 
areas                    2/256            16/2048     ( 0.8%) 
surfedges             1806/512000       7224/2048000  ( 0.4%) 
edges                  935/256000       3740/1024000  ( 0.4%) 
LDR worldlights          0/8192            0/720896   ( 0.0%) 
HDR worldlights          0/8192            0/720896   ( 0.0%) 
leafwaterdata            0/32768           0/393216   ( 0.0%) 
waterstrips              4/32768          40/327680   ( 0.0%) 
waterverts               0/65536           0/786432   ( 0.0%) 
waterindices            51/65536         102/131072   ( 0.1%) 
cubemapsamples           0/1024            0/16384    ( 0.0%) 
overlays                 0/512             0/180224   ( 0.0%) 
LDR lightdata         [variable]       19760/0        ( 0.0%) 
HDR lightdata         [variable]           0/0        ( 0.0%) 
visdata               [variable]           0/16777216 ( 0.0%) 
entdata               [variable]        2530/393216   ( 0.6%) 
LDR ambient table      387/65536        1548/262144   ( 0.6%) 
HDR ambient table      387/65536        1548/262144   ( 0.6%) 
LDR leaf ambient       262/65536        7336/1835008  ( 0.4%) 
HDR leaf ambient       387/65536       10836/1835008  ( 0.6%) 
occluders                0/0               0/0        ( 0.0%) 
occluder polygons        0/0               0/0        ( 0.0%) 
occluder vert ind        0/0               0/0        ( 0.0%) 
detail props          [variable]           1/12       ( 8.3%) 
static props          [variable]           1/12       ( 8.3%) 
pakfile               [variable]       86730/0        ( 0.0%) 
physics               [variable]        9952/4194304  ( 0.2%) 
physics terrain       [variable]           2/1048576  ( 0.0%) 

Level flags = 0

Total triangle count: 650
Writing c:\newfolders\dktp\source-sdk-2013-master\sp\game\mod_episodic\maps\pt-b1.bsp
4 seconds elapsed



materialPath: C:\Program Files (x86)\Steam\steamapps\sourcemods\AFT-QFPT\materials
Loading C:\NewFolders\Dktp\source-sdk-2013-master\sp\game\AFT-QFPT\maps\pt-b1.vmf
Could not locate 'GameData' key in c:\program files (x86)\steam\steamapps\sourcemods\aft-qfpt\gameinfo.txt
fixing up env_cubemap materials on brush sides...
0...1...2...3...4...5...6...7...8...9...10**** leaked ****
Entity prop_dynamic_override (-12.00 -40.00 116.00) leaked!

FindPortalSide: Couldn't find a good match for which brush to assign to a portal near (3584.0 4096.0 0.0)
Leaf 0 contents: 
Leaf 1 contents: CONTENTS_SOLID 
viscontents (node 0 contents ^ node 1 contents): CONTENTS_SOLID 
This means that none of the brushes in leaf 0 or 1 that touches the portal has CONTENTS_SOLID 
Check for a huge brush enclosing the coordinates above that has contents CONTENTS_SOLID 
Candidate brush IDs: 


FindPortalSide: Couldn't find a good match for which brush to assign to a portal near (4096.0 3584.0 0.0)
Leaf 0 contents: 
Leaf 1 contents: CONTENTS_SOLID 
viscontents (node 0 contents ^ node 1 contents): CONTENTS_SOLID 
This means that none of the brushes in leaf 0 or 1 that touches the portal has CONTENTS_SOLID 
Check for a huge brush enclosing the coordinates above that has contents CONTENTS_SOLID 
Candidate brush IDs: 


FindPortalSide: Couldn't find a good match for which brush to assign to a portal near (2560.0 3072.0 -1288.0)
Leaf 0 contents: CONTENTS_SOLID 
Leaf 1 contents: 
viscontents (node 0 contents ^ node 1 contents): CONTENTS_SOLID 
This means that none of the brushes in leaf 0 or 1 that touches the portal has CONTENTS_SOLID 
Check for a huge brush enclosing the coordinates above that has contents CONTENTS_SOLID 
Candidate brush IDs: 


FindPortalSide: Couldn't find a good match for which brush to assign to a portal near (2560.0 3072.0 1288.0)
Leaf 0 contents: CONTENTS_SOLID 
Leaf 1 contents: 
viscontents (node 0 contents ^ node 1 contents): CONTENTS_SOLID 
This means that none of the brushes in leaf 0 or 1 that touches the portal has CONTENTS_SOLID 
Check for a huge brush enclosing the coordinates above that has contents CONTENTS_SOLID 
Candidate brush IDs: 


FindPortalSide: Couldn't find a good match for which brush to assign to a portal near (2560.0 4096.0 0.0)
Leaf 0 contents: 
Leaf 1 contents: CONTENTS_SOLID 
viscontents (node 0 contents ^ node 1 contents): CONTENTS_SOLID 
This means that none of the brushes in leaf 0 or 1 that touches the portal has CONTENTS_SOLID 
Check for a huge brush enclosing the coordinates above that has contents CONTENTS_SOLID 
Candidate brush IDs: 


FindPortalSide: Couldn't find a good match for which brush to assign to a portal near (1536.0 3072.0 -1288.0)
Leaf 0 contents: CONTENTS_SOLID 
Leaf 1 contents: 
viscontents (node 0 contents ^ node 1 contents): CONTENTS_SOLID 
This means that none of the brushes in leaf 0 or 1 that touches the portal has CONTENTS_SOLID 
Check for a huge brush enclosing the coordinates above that has contents CONTENTS_SOLID 
Candidate brush IDs: 


FindPortalSide: Couldn't find a good match for which brush to assign to a portal near (1536.0 3072.0 1288.0)
Leaf 0 contents: CONTENTS_SOLID 
Leaf 1 contents: 
viscontents (node 0 contents ^ node 1 contents): CONTENTS_SOLID 
This means that none of the brushes in leaf 0 or 1 that touches the portal has CONTENTS_SOLID 
Check for a huge brush enclosing the coordinates above that has contents CONTENTS_SOLID 
Candidate brush IDs: 


FindPortalSide: Couldn't find a good match for which brush to assign to a portal near (1536.0 4096.0 0.0)
Leaf 0 contents: 
Leaf 1 contents: CONTENTS_SOLID 
viscontents (node 0 contents ^ node 1 contents): CONTENTS_SOLID 
This means that none of the brushes in leaf 0 or 1 that touches the portal has CONTENTS_SOLID 
Check for a huge brush enclosing the coordinates above that has contents CONTENTS_SOLID 
Candidate brush IDs: 

*** Suppressing further FindPortalSide errors.... ***
Processing areas...done (0)
Building Faces...done (0)
FixTjuncs...
PruneNodes...
WriteBSP...
done (0)
Creating default LDR cubemaps for env_cubemap using skybox materials:
   skybox/sky_borealis01*.vmt
 ! Run buildcubemaps in the engine to get the correct cube maps.
Creating default HDR cubemaps for env_cubemap using skybox materials:
   skybox/sky_borealis01*.vmt
 ! Run buildcubemaps in the engine to get the correct cube maps.
Finding displacement neighbors...
Finding lightmap sample positions...
Displacement Alpha : 0...1...2...3...4...5...6...7...8...9...10
Building Physics collision data...
done (0) (9952 bytes)
Placing detail props : 0...1...2...3...4...5...6...7...8...9...10
Compacting texture/material tables...
Reduced 131 texinfos to 108
Reduced 3 texdatas to 3 (46 bytes to 46)
Writing C:\NewFolders\Dktp\source-sdk-2013-master\sp\game\AFT-QFPT\maps\pt-b1.bsp
0 seconds elapsed



8 threads
reading c:\newfolders\dktp\source-sdk-2013-master\sp\game\aft-qfpt\maps\pt-b1.bsp
reading c:\newfolders\dktp\source-sdk-2013-master\sp\game\aft-qfpt\maps\pt-b1.prt
LoadPortals: couldn't read c:\newfolders\dktp\source-sdk-2013-master\sp\game\aft-qfpt\maps\pt-b1.prt



[Reading texlights from 'lights.rad']
[48 texlights parsed from 'lights.rad']

Loading c:\newfolders\dktp\source-sdk-2013-master\sp\game\aft-qfpt\maps\pt-b1.bsp
No vis information, direct lighting only.
327 faces
2111404 square feet [304042176.00 square inches]
0 Displacements
0 Square Feet [0.00 Square Inches]
0 direct lights
0...1...2...3...4...5...6...7...8...9...10Build Patch/Sample Hash Table(s).....Done<0.0001 sec>
0...1...2...3...4...5...6...7...8...9...10FinalLightFace Done
0 of 0 (0% of) surface lights went in leaf ambient cubes.
0...1...2...3...4...5...6...7...8...9...10Writing leaf ambient...done
Ready to Finish

Object names       Objects/Maxobjs  Memory / Maxmem  Fullness 
------------       ---------------  ---------------  -------- 
models                   8/1024          384/49152    ( 0.8%) 
brushes                 19/8192          228/98304    ( 0.2%) 
brushsides             189/65536        1512/524288   ( 0.3%) 
planes                 314/65536        6280/1310720  ( 0.5%) 
vertexes               375/65536        4500/786432   ( 0.6%) 
nodes                  378/65536       12096/2097152  ( 0.6%) 
texinfos               108/12288        7776/884736   ( 0.9%) 
texdata                  3/2048           96/65536    ( 0.1%) 
dispinfos                0/0               0/0        ( 0.0%) 
disp_verts               0/0               0/0        ( 0.0%) 
disp_tris                0/0               0/0        ( 0.0%) 
disp_lmsamples           0/0               0/0        ( 0.0%) 
faces                  327/65536       18312/3670016  ( 0.5%) 
hdr faces                0/65536           0/3670016  ( 0.0%) 
origfaces              130/65536        7280/3670016  ( 0.2%) 
leaves                 387/65536       12384/2097152  ( 0.6%) 
leaffaces              348/65536         696/131072   ( 0.5%) 
leafbrushes            114/65536         228/131072   ( 0.2%) 
areas                    2/256            16/2048     ( 0.8%) 
surfedges             1806/512000       7224/2048000  ( 0.4%) 
edges                  935/256000       3740/1024000  ( 0.4%) 
LDR worldlights          0/8192            0/720896   ( 0.0%) 
HDR worldlights          0/8192            0/720896   ( 0.0%) 
leafwaterdata            0/32768           0/393216   ( 0.0%) 
waterstrips              4/32768          40/327680   ( 0.0%) 
waterverts               0/65536           0/786432   ( 0.0%) 
waterindices            51/65536         102/131072   ( 0.1%) 
cubemapsamples           0/1024            0/16384    ( 0.0%) 
overlays                 0/512             0/180224   ( 0.0%) 
LDR lightdata         [variable]       19760/0        ( 0.0%) 
HDR lightdata         [variable]           0/0        ( 0.0%) 
visdata               [variable]           0/16777216 ( 0.0%) 
entdata               [variable]        3147/393216   ( 0.8%) 
LDR ambient table      387/65536        1548/262144   ( 0.6%) 
HDR ambient table      387/65536        1548/262144   ( 0.6%) 
LDR leaf ambient       262/65536        7336/1835008  ( 0.4%) 
HDR leaf ambient       387/65536       10836/1835008  ( 0.6%) 
occluders                0/0               0/0        ( 0.0%) 
occluder polygons        0/0               0/0        ( 0.0%) 
occluder vert ind        0/0               0/0        ( 0.0%) 
detail props          [variable]           1/12       ( 8.3%) 
static props          [variable]           1/12       ( 8.3%) 
pakfile               [variable]       86730/0        ( 0.0%) 
physics               [variable]        9952/4194304  ( 0.2%) 
physics terrain       [variable]           2/1048576  ( 0.0%) 

Level flags = 0

Total triangle count: 650
Writing c:\newfolders\dktp\source-sdk-2013-master\sp\game\aft-qfpt\maps\pt-b1.bsp
4 seconds elapsed



materialPath: C:\Program Files (x86)\Steam\steamapps\sourcemods\AFT-QFPT\materials
Loading C:\NewFolders\Dktp\source-sdk-2013-master\sp\game\AFT-QFPT\maps\pt-b1.vmf
Could not locate 'GameData' key in c:\program files (x86)\steam\steamapps\sourcemods\aft-qfpt\gameinfo.txt
fixing up env_cubemap materials on brush sides...
0...1...2...3...4...5...6...7...8...9...10**** leaked ****
Entity prop_dynamic_override (-12.00 -40.00 116.00) leaked!

FindPortalSide: Couldn't find a good match for which brush to assign to a portal near (3584.0 4096.0 0.0)
Leaf 0 contents: 
Leaf 1 contents: CONTENTS_SOLID 
viscontents (node 0 contents ^ node 1 contents): CONTENTS_SOLID 
This means that none of the brushes in leaf 0 or 1 that touches the portal has CONTENTS_SOLID 
Check for a huge brush enclosing the coordinates above that has contents CONTENTS_SOLID 
Candidate brush IDs: 


FindPortalSide: Couldn't find a good match for which brush to assign to a portal near (4096.0 3584.0 0.0)
Leaf 0 contents: 
Leaf 1 contents: CONTENTS_SOLID 
viscontents (node 0 contents ^ node 1 contents): CONTENTS_SOLID 
This means that none of the brushes in leaf 0 or 1 that touches the portal has CONTENTS_SOLID 
Check for a huge brush enclosing the coordinates above that has contents CONTENTS_SOLID 
Candidate brush IDs: 


FindPortalSide: Couldn't find a good match for which brush to assign to a portal near (2560.0 3072.0 -1288.0)
Leaf 0 contents: CONTENTS_SOLID 
Leaf 1 contents: 
viscontents (node 0 contents ^ node 1 contents): CONTENTS_SOLID 
This means that none of the brushes in leaf 0 or 1 that touches the portal has CONTENTS_SOLID 
Check for a huge brush enclosing the coordinates above that has contents CONTENTS_SOLID 
Candidate brush IDs: 


FindPortalSide: Couldn't find a good match for which brush to assign to a portal near (2560.0 3072.0 1288.0)
Leaf 0 contents: CONTENTS_SOLID 
Leaf 1 contents: 
viscontents (node 0 contents ^ node 1 contents): CONTENTS_SOLID 
This means that none of the brushes in leaf 0 or 1 that touches the portal has CONTENTS_SOLID 
Check for a huge brush enclosing the coordinates above that has contents CONTENTS_SOLID 
Candidate brush IDs: 


FindPortalSide: Couldn't find a good match for which brush to assign to a portal near (2560.0 4096.0 0.0)
Leaf 0 contents: 
Leaf 1 contents: CONTENTS_SOLID 
viscontents (node 0 contents ^ node 1 contents): CONTENTS_SOLID 
This means that none of the brushes in leaf 0 or 1 that touches the portal has CONTENTS_SOLID 
Check for a huge brush enclosing the coordinates above that has contents CONTENTS_SOLID 
Candidate brush IDs: 


FindPortalSide: Couldn't find a good match for which brush to assign to a portal near (1536.0 3072.0 -1288.0)
Leaf 0 contents: CONTENTS_SOLID 
Leaf 1 contents: 
viscontents (node 0 contents ^ node 1 contents): CONTENTS_SOLID 
This means that none of the brushes in leaf 0 or 1 that touches the portal has CONTENTS_SOLID 
Check for a huge brush enclosing the coordinates above that has contents CONTENTS_SOLID 
Candidate brush IDs: 


FindPortalSide: Couldn't find a good match for which brush to assign to a portal near (1536.0 3072.0 1288.0)
Leaf 0 contents: CONTENTS_SOLID 
Leaf 1 contents: 
viscontents (node 0 contents ^ node 1 contents): CONTENTS_SOLID 
This means that none of the brushes in leaf 0 or 1 that touches the portal has CONTENTS_SOLID 
Check for a huge brush enclosing the coordinates above that has contents CONTENTS_SOLID 
Candidate brush IDs: 


FindPortalSide: Couldn't find a good match for which brush to assign to a portal near (1536.0 4096.0 0.0)
Leaf 0 contents: 
Leaf 1 contents: CONTENTS_SOLID 
viscontents (node 0 contents ^ node 1 contents): CONTENTS_SOLID 
This means that none of the brushes in leaf 0 or 1 that touches the portal has CONTENTS_SOLID 
Check for a huge brush enclosing the coordinates above that has contents CONTENTS_SOLID 
Candidate brush IDs: 

*** Suppressing further FindPortalSide errors.... ***
Processing areas...done (0)
Building Faces...done (0)
FixTjuncs...
PruneNodes...
WriteBSP...
done (0)
Creating default LDR cubemaps for env_cubemap using skybox materials:
   skybox/sky_borealis01*.vmt
 ! Run buildcubemaps in the engine to get the correct cube maps.
Creating default HDR cubemaps for env_cubemap using skybox materials:
   skybox/sky_borealis01*.vmt
 ! Run buildcubemaps in the engine to get the correct cube maps.
Finding displacement neighbors...
Finding lightmap sample positions...
Displacement Alpha : 0...1...2...3...4...5...6...7...8...9...10
Building Physics collision data...
done (0) (9952 bytes)
Placing detail props : 0...1...2...3...4...5...6...7...8...9...10
Compacting texture/material tables...
Reduced 131 texinfos to 108
Reduced 3 texdatas to 3 (46 bytes to 46)
Writing C:\NewFolders\Dktp\source-sdk-2013-master\sp\game\AFT-QFPT\maps\pt-b1.bsp
0 seconds elapsed



8 threads
reading c:\newfolders\dktp\source-sdk-2013-master\sp\game\aft-qfpt\maps\pt-b1.bsp
reading c:\newfolders\dktp\source-sdk-2013-master\sp\game\aft-qfpt\maps\pt-b1.prt
LoadPortals: couldn't read c:\newfolders\dktp\source-sdk-2013-master\sp\game\aft-qfpt\maps\pt-b1.prt



[Reading texlights from 'lights.rad']
[48 texlights parsed from 'lights.rad']

Loading c:\newfolders\dktp\source-sdk-2013-master\sp\game\aft-qfpt\maps\pt-b1.bsp
No vis information, direct lighting only.
327 faces
2111404 square feet [304042176.00 square inches]
0 Displacements
0 Square Feet [0.00 Square Inches]
0 direct lights
0...1...2...3...4...5...6...7...8...9...10Build Patch/Sample Hash Table(s).....Done<0.0001 sec>
0...1...2...3...4...5...6...7...8...9...10FinalLightFace Done
0 of 0 (0% of) surface lights went in leaf ambient cubes.
0...1...2...3...4...5...6...7...8...9...10Writing leaf ambient...done
Ready to Finish

Object names       Objects/Maxobjs  Memory / Maxmem  Fullness 
------------       ---------------  ---------------  -------- 
models                   8/1024          384/49152    ( 0.8%) 
brushes                 19/8192          228/98304    ( 0.2%) 
brushsides             189/65536        1512/524288   ( 0.3%) 
planes                 314/65536        6280/1310720  ( 0.5%) 
vertexes               375/65536        4500/786432   ( 0.6%) 
nodes                  378/65536       12096/2097152  ( 0.6%) 
texinfos               108/12288        7776/884736   ( 0.9%) 
texdata                  3/2048           96/65536    ( 0.1%) 
dispinfos                0/0               0/0        ( 0.0%) 
disp_verts               0/0               0/0        ( 0.0%) 
disp_tris                0/0               0/0        ( 0.0%) 
disp_lmsamples           0/0               0/0        ( 0.0%) 
faces                  327/65536       18312/3670016  ( 0.5%) 
hdr faces                0/65536           0/3670016  ( 0.0%) 
origfaces              130/65536        7280/3670016  ( 0.2%) 
leaves                 387/65536       12384/2097152  ( 0.6%) 
leaffaces              348/65536         696/131072   ( 0.5%) 
leafbrushes            114/65536         228/131072   ( 0.2%) 
areas                    2/256            16/2048     ( 0.8%) 
surfedges             1806/512000       7224/2048000  ( 0.4%) 
edges                  935/256000       3740/1024000  ( 0.4%) 
LDR worldlights          0/8192            0/720896   ( 0.0%) 
HDR worldlights          0/8192            0/720896   ( 0.0%) 
leafwaterdata            0/32768           0/393216   ( 0.0%) 
waterstrips              4/32768          40/327680   ( 0.0%) 
waterverts               0/65536           0/786432   ( 0.0%) 
waterindices            51/65536         102/131072   ( 0.1%) 
cubemapsamples           0/1024            0/16384    ( 0.0%) 
overlays                 0/512             0/180224   ( 0.0%) 
LDR lightdata         [variable]       19760/0        ( 0.0%) 
HDR lightdata         [variable]           0/0        ( 0.0%) 
visdata               [variable]           0/16777216 ( 0.0%) 
entdata               [variable]        5054/393216   ( 1.3%) 
LDR ambient table      387/65536        1548/262144   ( 0.6%) 
HDR ambient table      387/65536        1548/262144   ( 0.6%) 
LDR leaf ambient       262/65536        7336/1835008  ( 0.4%) 
HDR leaf ambient       387/65536       10836/1835008  ( 0.6%) 
occluders                0/0               0/0        ( 0.0%) 
occluder polygons        0/0               0/0        ( 0.0%) 
occluder vert ind        0/0               0/0        ( 0.0%) 
detail props          [variable]           1/12       ( 8.3%) 
static props          [variable]           1/12       ( 8.3%) 
pakfile               [variable]       86730/0        ( 0.0%) 
physics               [variable]        9952/4194304  ( 0.2%) 
physics terrain       [variable]           2/1048576  ( 0.0%) 

Level flags = 0

Total triangle count: 650
Writing c:\newfolders\dktp\source-sdk-2013-master\sp\game\aft-qfpt\maps\pt-b1.bsp
4 seconds elapsed



materialPath: C:\Program Files (x86)\Steam\steamapps\sourcemods\AFT-QFPT\materials
Loading C:\NewFolders\Dktp\source-sdk-2013-master\sp\game\AFT-QFPT\maps\pt-b1.vmf
Could not locate 'GameData' key in c:\program files (x86)\steam\steamapps\sourcemods\aft-qfpt\gameinfo.txt
fixing up env_cubemap materials on brush sides...
0...1...2...3...4...5...6...7...8...9...10**** leaked ****
Entity prop_dynamic_override (-12.00 -40.00 116.00) leaked!

FindPortalSide: Couldn't find a good match for which brush to assign to a portal near (3584.0 4096.0 0.0)
Leaf 0 contents: 
Leaf 1 contents: CONTENTS_SOLID 
viscontents (node 0 contents ^ node 1 contents): CONTENTS_SOLID 
This means that none of the brushes in leaf 0 or 1 that touches the portal has CONTENTS_SOLID 
Check for a huge brush enclosing the coordinates above that has contents CONTENTS_SOLID 
Candidate brush IDs: 


FindPortalSide: Couldn't find a good match for which brush to assign to a portal near (4096.0 3584.0 0.0)
Leaf 0 contents: 
Leaf 1 contents: CONTENTS_SOLID 
viscontents (node 0 contents ^ node 1 contents): CONTENTS_SOLID 
This means that none of the brushes in leaf 0 or 1 that touches the portal has CONTENTS_SOLID 
Check for a huge brush enclosing the coordinates above that has contents CONTENTS_SOLID 
Candidate brush IDs: 


FindPortalSide: Couldn't find a good match for which brush to assign to a portal near (2560.0 3072.0 -1288.0)
Leaf 0 contents: CONTENTS_SOLID 
Leaf 1 contents: 
viscontents (node 0 contents ^ node 1 contents): CONTENTS_SOLID 
This means that none of the brushes in leaf 0 or 1 that touches the portal has CONTENTS_SOLID 
Check for a huge brush enclosing the coordinates above that has contents CONTENTS_SOLID 
Candidate brush IDs: 


FindPortalSide: Couldn't find a good match for which brush to assign to a portal near (2560.0 3072.0 1288.0)
Leaf 0 contents: CONTENTS_SOLID 
Leaf 1 contents: 
viscontents (node 0 contents ^ node 1 contents): CONTENTS_SOLID 
This means that none of the brushes in leaf 0 or 1 that touches the portal has CONTENTS_SOLID 
Check for a huge brush enclosing the coordinates above that has contents CONTENTS_SOLID 
Candidate brush IDs: 


FindPortalSide: Couldn't find a good match for which brush to assign to a portal near (2560.0 4096.0 0.0)
Leaf 0 contents: 
Leaf 1 contents: CONTENTS_SOLID 
viscontents (node 0 contents ^ node 1 contents): CONTENTS_SOLID 
This means that none of the brushes in leaf 0 or 1 that touches the portal has CONTENTS_SOLID 
Check for a huge brush enclosing the coordinates above that has contents CONTENTS_SOLID 
Candidate brush IDs: 


FindPortalSide: Couldn't find a good match for which brush to assign to a portal near (1536.0 3072.0 -1288.0)
Leaf 0 contents: CONTENTS_SOLID 
Leaf 1 contents: 
viscontents (node 0 contents ^ node 1 contents): CONTENTS_SOLID 
This means that none of the brushes in leaf 0 or 1 that touches the portal has CONTENTS_SOLID 
Check for a huge brush enclosing the coordinates above that has contents CONTENTS_SOLID 
Candidate brush IDs: 


FindPortalSide: Couldn't find a good match for which brush to assign to a portal near (1536.0 3072.0 1288.0)
Leaf 0 contents: CONTENTS_SOLID 
Leaf 1 contents: 
viscontents (node 0 contents ^ node 1 contents): CONTENTS_SOLID 
This means that none of the brushes in leaf 0 or 1 that touches the portal has CONTENTS_SOLID 
Check for a huge brush enclosing the coordinates above that has contents CONTENTS_SOLID 
Candidate brush IDs: 


FindPortalSide: Couldn't find a good match for which brush to assign to a portal near (1536.0 4096.0 0.0)
Leaf 0 contents: 
Leaf 1 contents: CONTENTS_SOLID 
viscontents (node 0 contents ^ node 1 contents): CONTENTS_SOLID 
This means that none of the brushes in leaf 0 or 1 that touches the portal has CONTENTS_SOLID 
Check for a huge brush enclosing the coordinates above that has contents CONTENTS_SOLID 
Candidate brush IDs: 

*** Suppressing further FindPortalSide errors.... ***
Processing areas...done (0)
Building Faces...done (0)
Chop Details...done (0)
Find Visible Detail Sides...done (0)
Merging details...done (0)
FixTjuncs...
PruneNodes...
WriteBSP...
done (0)
Creating default LDR cubemaps for env_cubemap using skybox materials:
   skybox/sky_borealis01*.vmt
 ! Run buildcubemaps in the engine to get the correct cube maps.
Creating default HDR cubemaps for env_cubemap using skybox materials:
   skybox/sky_borealis01*.vmt
 ! Run buildcubemaps in the engine to get the correct cube maps.
Finding displacement neighbors...
Finding lightmap sample positions...
Displacement Alpha : 0...1...2...3...4...5...6...7...8...9...10
Building Physics collision data...
done (1) (10443 bytes)
Placing detail props : 0...1...2...3...4...5...6...7...8...9...10
Compacting texture/material tables...
Reduced 137 texinfos to 109
Reduced 4 texdatas to 4 (68 bytes to 68)
Writing C:\NewFolders\Dktp\source-sdk-2013-master\sp\game\AFT-QFPT\maps\pt-b1.bsp
1 second elapsed



8 threads
reading c:\newfolders\dktp\source-sdk-2013-master\sp\game\aft-qfpt\maps\pt-b1.bsp
reading c:\newfolders\dktp\source-sdk-2013-master\sp\game\aft-qfpt\maps\pt-b1.prt
LoadPortals: couldn't read c:\newfolders\dktp\source-sdk-2013-master\sp\game\aft-qfpt\maps\pt-b1.prt



[Reading texlights from 'lights.rad']
[48 texlights parsed from 'lights.rad']

Loading c:\newfolders\dktp\source-sdk-2013-master\sp\game\aft-qfpt\maps\pt-b1.bsp
No vis information, direct lighting only.
327 faces
2111404 square feet [304042176.00 square inches]
0 Displacements
0 Square Feet [0.00 Square Inches]
0 direct lights
0...1...2...3...4...5...6...7...8...9...10Build Patch/Sample Hash Table(s).....Done<0.0003 sec>
0...1...2...3...4...5...6...7...8...9...10FinalLightFace Done
0 of 0 (0% of) surface lights went in leaf ambient cubes.
0...1...2...3...4...5...6...7...8...9...10Writing leaf ambient...done
Ready to Finish

Object names       Objects/Maxobjs  Memory / Maxmem  Fullness 
------------       ---------------  ---------------  -------- 
models                   8/1024          384/49152    ( 0.8%) 
brushes                 20/8192          240/98304    ( 0.2%) 
brushsides             195/65536        1560/524288   ( 0.3%) 
planes                 316/65536        6320/1310720  ( 0.5%) 
vertexes               375/65536        4500/786432   ( 0.6%) 
nodes                  378/65536       12096/2097152  ( 0.6%) 
texinfos               109/12288        7848/884736   ( 0.9%) 
texdata                  4/2048          128/65536    ( 0.2%) 
dispinfos                0/0               0/0        ( 0.0%) 
disp_verts               0/0               0/0        ( 0.0%) 
disp_tris                0/0               0/0        ( 0.0%) 
disp_lmsamples           0/0               0/0        ( 0.0%) 
faces                  327/65536       18312/3670016  ( 0.5%) 
hdr faces                0/65536           0/3670016  ( 0.0%) 
origfaces              130/65536        7280/3670016  ( 0.2%) 
leaves                 387/65536       12384/2097152  ( 0.6%) 
leaffaces              348/65536         696/131072   ( 0.5%) 
leafbrushes            120/65536         240/131072   ( 0.2%) 
areas                    2/256            16/2048     ( 0.8%) 
surfedges             1806/512000       7224/2048000  ( 0.4%) 
edges                  935/256000       3740/1024000  ( 0.4%) 
LDR worldlights          0/8192            0/720896   ( 0.0%) 
HDR worldlights          0/8192            0/720896   ( 0.0%) 
leafwaterdata            0/32768           0/393216   ( 0.0%) 
waterstrips              4/32768          40/327680   ( 0.0%) 
waterverts               0/65536           0/786432   ( 0.0%) 
waterindices            51/65536         102/131072   ( 0.1%) 
cubemapsamples           0/1024            0/16384    ( 0.0%) 
overlays                 0/512             0/180224   ( 0.0%) 
LDR lightdata         [variable]       19760/0        ( 0.0%) 
HDR lightdata         [variable]           0/0        ( 0.0%) 
visdata               [variable]           0/16777216 ( 0.0%) 
entdata               [variable]        5054/393216   ( 1.3%) 
LDR ambient table      387/65536        1548/262144   ( 0.6%) 
HDR ambient table      387/65536        1548/262144   ( 0.6%) 
LDR leaf ambient       262/65536        7336/1835008  ( 0.4%) 
HDR leaf ambient       387/65536       10836/1835008  ( 0.6%) 
occluders                0/0               0/0        ( 0.0%) 
occluder polygons        0/0               0/0        ( 0.0%) 
occluder vert ind        0/0               0/0        ( 0.0%) 
detail props          [variable]           1/12       ( 8.3%) 
static props          [variable]           1/12       ( 8.3%) 
pakfile               [variable]       86730/0        ( 0.0%) 
physics               [variable]       10443/4194304  ( 0.2%) 
physics terrain       [variable]           2/1048576  ( 0.0%) 

Level flags = 0

Total triangle count: 650
Writing c:\newfolders\dktp\source-sdk-2013-master\sp\game\aft-qfpt\maps\pt-b1.bsp
4 seconds elapsed



materialPath: C:\Program Files (x86)\Steam\steamapps\sourcemods\AFT-QFPT\materials
Loading C:\NewFolders\Dktp\source-sdk-2013-master\sp\game\AFT-QFPT\maps\pt-b1.vmf
Could not locate 'GameData' key in c:\program files (x86)\steam\steamapps\sourcemods\aft-qfpt\gameinfo.txt
fixing up env_cubemap materials on brush sides...
0...1...2...3...4...5...6...7...8...9...10**** leaked ****
Entity prop_dynamic_override (-12.00 -40.00 116.00) leaked!

FindPortalSide: Couldn't find a good match for which brush to assign to a portal near (3584.0 4096.0 0.0)
Leaf 0 contents: 
Leaf 1 contents: CONTENTS_SOLID 
viscontents (node 0 contents ^ node 1 contents): CONTENTS_SOLID 
This means that none of the brushes in leaf 0 or 1 that touches the portal has CONTENTS_SOLID 
Check for a huge brush enclosing the coordinates above that has contents CONTENTS_SOLID 
Candidate brush IDs: 


FindPortalSide: Couldn't find a good match for which brush to assign to a portal near (4096.0 3584.0 0.0)
Leaf 0 contents: 
Leaf 1 contents: CONTENTS_SOLID 
viscontents (node 0 contents ^ node 1 contents): CONTENTS_SOLID 
This means that none of the brushes in leaf 0 or 1 that touches the portal has CONTENTS_SOLID 
Check for a huge brush enclosing the coordinates above that has contents CONTENTS_SOLID 
Candidate brush IDs: 


FindPortalSide: Couldn't find a good match for which brush to assign to a portal near (2560.0 3072.0 -1288.0)
Leaf 0 contents: CONTENTS_SOLID 
Leaf 1 contents: 
viscontents (node 0 contents ^ node 1 contents): CONTENTS_SOLID 
This means that none of the brushes in leaf 0 or 1 that touches the portal has CONTENTS_SOLID 
Check for a huge brush enclosing the coordinates above that has contents CONTENTS_SOLID 
Candidate brush IDs: 


FindPortalSide: Couldn't find a good match for which brush to assign to a portal near (2560.0 3072.0 1288.0)
Leaf 0 contents: CONTENTS_SOLID 
Leaf 1 contents: 
viscontents (node 0 contents ^ node 1 contents): CONTENTS_SOLID 
This means that none of the brushes in leaf 0 or 1 that touches the portal has CONTENTS_SOLID 
Check for a huge brush enclosing the coordinates above that has contents CONTENTS_SOLID 
Candidate brush IDs: 


FindPortalSide: Couldn't find a good match for which brush to assign to a portal near (2560.0 4096.0 0.0)
Leaf 0 contents: 
Leaf 1 contents: CONTENTS_SOLID 
viscontents (node 0 contents ^ node 1 contents): CONTENTS_SOLID 
This means that none of the brushes in leaf 0 or 1 that touches the portal has CONTENTS_SOLID 
Check for a huge brush enclosing the coordinates above that has contents CONTENTS_SOLID 
Candidate brush IDs: 


FindPortalSide: Couldn't find a good match for which brush to assign to a portal near (1536.0 3072.0 -1288.0)
Leaf 0 contents: CONTENTS_SOLID 
Leaf 1 contents: 
viscontents (node 0 contents ^ node 1 contents): CONTENTS_SOLID 
This means that none of the brushes in leaf 0 or 1 that touches the portal has CONTENTS_SOLID 
Check for a huge brush enclosing the coordinates above that has contents CONTENTS_SOLID 
Candidate brush IDs: 


FindPortalSide: Couldn't find a good match for which brush to assign to a portal near (1536.0 3072.0 1288.0)
Leaf 0 contents: CONTENTS_SOLID 
Leaf 1 contents: 
viscontents (node 0 contents ^ node 1 contents): CONTENTS_SOLID 
This means that none of the brushes in leaf 0 or 1 that touches the portal has CONTENTS_SOLID 
Check for a huge brush enclosing the coordinates above that has contents CONTENTS_SOLID 
Candidate brush IDs: 


FindPortalSide: Couldn't find a good match for which brush to assign to a portal near (1536.0 4096.0 0.0)
Leaf 0 contents: 
Leaf 1 contents: CONTENTS_SOLID 
viscontents (node 0 contents ^ node 1 contents): CONTENTS_SOLID 
This means that none of the brushes in leaf 0 or 1 that touches the portal has CONTENTS_SOLID 
Check for a huge brush enclosing the coordinates above that has contents CONTENTS_SOLID 
Candidate brush IDs: 

*** Suppressing further FindPortalSide errors.... ***
Processing areas...done (0)
Building Faces...done (0)
Chop Details...done (0)
Find Visible Detail Sides...done (0)
Merging details...done (0)
FixTjuncs...
PruneNodes...
WriteBSP...
done (0)
Creating default LDR cubemaps for env_cubemap using skybox materials:
   skybox/sky_borealis01*.vmt
 ! Run buildcubemaps in the engine to get the correct cube maps.
Creating default HDR cubemaps for env_cubemap using skybox materials:
   skybox/sky_borealis01*.vmt
 ! Run buildcubemaps in the engine to get the correct cube maps.
Finding displacement neighbors...
Finding lightmap sample positions...
Displacement Alpha : 0...1...2...3...4...5...6...7...8...9...10
Building Physics collision data...
done (0) (10443 bytes)
Placing detail props : 0...1...2...3...4...5...6...7...8...9...10
Compacting texture/material tables...
Reduced 137 texinfos to 109
Reduced 4 texdatas to 4 (68 bytes to 68)
Writing C:\NewFolders\Dktp\source-sdk-2013-master\sp\game\AFT-QFPT\maps\pt-b1.bsp
1 second elapsed



8 threads
reading c:\newfolders\dktp\source-sdk-2013-master\sp\game\aft-qfpt\maps\pt-b1.bsp
reading c:\newfolders\dktp\source-sdk-2013-master\sp\game\aft-qfpt\maps\pt-b1.prt
LoadPortals: couldn't read c:\newfolders\dktp\source-sdk-2013-master\sp\game\aft-qfpt\maps\pt-b1.prt



[Reading texlights from 'lights.rad']
[48 texlights parsed from 'lights.rad']

Loading c:\newfolders\dktp\source-sdk-2013-master\sp\game\aft-qfpt\maps\pt-b1.bsp
No vis information, direct lighting only.
327 faces
2111404 square feet [304042176.00 square inches]
0 Displacements
0 Square Feet [0.00 Square Inches]
0 direct lights
0...1...2...3...4...5...6...7...8...9...10Build Patch/Sample Hash Table(s).....Done<0.0001 sec>
0...1...2...3...4...5...6...7...8...9...10FinalLightFace Done
0 of 0 (0% of) surface lights went in leaf ambient cubes.
0...1...2...3...4...5...6...7...8...9...10Writing leaf ambient...done
Ready to Finish

Object names       Objects/Maxobjs  Memory / Maxmem  Fullness 
------------       ---------------  ---------------  -------- 
models                   8/1024          384/49152    ( 0.8%) 
brushes                 20/8192          240/98304    ( 0.2%) 
brushsides             195/65536        1560/524288   ( 0.3%) 
planes                 316/65536        6320/1310720  ( 0.5%) 
vertexes               375/65536        4500/786432   ( 0.6%) 
nodes                  378/65536       12096/2097152  ( 0.6%) 
texinfos               109/12288        7848/884736   ( 0.9%) 
texdata                  4/2048          128/65536    ( 0.2%) 
dispinfos                0/0               0/0        ( 0.0%) 
disp_verts               0/0               0/0        ( 0.0%) 
disp_tris                0/0               0/0        ( 0.0%) 
disp_lmsamples           0/0               0/0        ( 0.0%) 
faces                  327/65536       18312/3670016  ( 0.5%) 
hdr faces                0/65536           0/3670016  ( 0.0%) 
origfaces              130/65536        7280/3670016  ( 0.2%) 
leaves                 387/65536       12384/2097152  ( 0.6%) 
leaffaces              348/65536         696/131072   ( 0.5%) 
leafbrushes            120/65536         240/131072   ( 0.2%) 
areas                    2/256            16/2048     ( 0.8%) 
surfedges             1806/512000       7224/2048000  ( 0.4%) 
edges                  935/256000       3740/1024000  ( 0.4%) 
LDR worldlights          0/8192            0/720896   ( 0.0%) 
HDR worldlights          0/8192            0/720896   ( 0.0%) 
leafwaterdata            0/32768           0/393216   ( 0.0%) 
waterstrips              4/32768          40/327680   ( 0.0%) 
waterverts               0/65536           0/786432   ( 0.0%) 
waterindices            51/65536         102/131072   ( 0.1%) 
cubemapsamples           0/1024            0/16384    ( 0.0%) 
overlays                 0/512             0/180224   ( 0.0%) 
LDR lightdata         [variable]       19760/0        ( 0.0%) 
HDR lightdata         [variable]           0/0        ( 0.0%) 
visdata               [variable]           0/16777216 ( 0.0%) 
entdata               [variable]        5054/393216   ( 1.3%) 
LDR ambient table      387/65536        1548/262144   ( 0.6%) 
HDR ambient table      387/65536        1548/262144   ( 0.6%) 
LDR leaf ambient       262/65536        7336/1835008  ( 0.4%) 
HDR leaf ambient       387/65536       10836/1835008  ( 0.6%) 
occluders                0/0               0/0        ( 0.0%) 
occluder polygons        0/0               0/0        ( 0.0%) 
occluder vert ind        0/0               0/0        ( 0.0%) 
detail props          [variable]           1/12       ( 8.3%) 
static props          [variable]           1/12       ( 8.3%) 
pakfile               [variable]       86730/0        ( 0.0%) 
physics               [variable]       10443/4194304  ( 0.2%) 
physics terrain       [variable]           2/1048576  ( 0.0%) 

Level flags = 0

Total triangle count: 650
Writing c:\newfolders\dktp\source-sdk-2013-master\sp\game\aft-qfpt\maps\pt-b1.bsp
4 seconds elapsed
